{"C:\\Users\\Bruno\\Documents\\CLASES\\Proyecto integrado final\\Logico\\functions\\src\\auditoria.js": {"path":"C:\\Users\\Bruno\\Documents\\CLASES\\Proyecto integrado final\\Logico\\functions\\src\\auditoria.js","statementMap":{"0":{"start":{"line":9,"column":17},"end":{"line":9,"column":32}},"1":{"start":{"line":11,"column":17},"end":{"line":26,"column":2}},"2":{"start":{"line":51,"column":4},"end":{"line":51,"column":26}},"3":{"start":{"line":51,"column":14},"end":{"line":51,"column":26}},"4":{"start":{"line":52,"column":16},"end":{"line":52,"column":67}},"5":{"start":{"line":53,"column":20},"end":{"line":53,"column":24}},"6":{"start":{"line":54,"column":4},"end":{"line":58,"column":5}},"7":{"start":{"line":55,"column":8},"end":{"line":55,"column":76}},"8":{"start":{"line":56,"column":11},"end":{"line":58,"column":5}},"9":{"start":{"line":57,"column":8},"end":{"line":57,"column":27}},"10":{"start":{"line":59,"column":4},"end":{"line":59,"column":32}},"11":{"start":{"line":59,"column":20},"end":{"line":59,"column":32}},"12":{"start":{"line":60,"column":4},"end":{"line":60,"column":41}},"13":{"start":{"line":62,"column":4},"end":{"line":62,"column":72}},"14":{"start":{"line":62,"column":41},"end":{"line":62,"column":72}},"15":{"start":{"line":63,"column":4},"end":{"line":63,"column":29}},"16":{"start":{"line":76,"column":15},"end":{"line":76,"column":29}},"17":{"start":{"line":78,"column":23},"end":{"line":80,"column":75}},"18":{"start":{"line":82,"column":16},"end":{"line":86,"column":31}},"19":{"start":{"line":87,"column":19},"end":{"line":95,"column":5}},"20":{"start":{"line":97,"column":19},"end":{"line":97,"column":33}},"21":{"start":{"line":103,"column":30},"end":{"line":103,"column":38}},"22":{"start":{"line":104,"column":4},"end":{"line":116,"column":5}},"23":{"start":{"line":105,"column":8},"end":{"line":105,"column":76}},"24":{"start":{"line":105,"column":31},"end":{"line":105,"column":76}},"25":{"start":{"line":106,"column":25},"end":{"line":106,"column":56}},"26":{"start":{"line":107,"column":8},"end":{"line":107,"column":84}},"27":{"start":{"line":107,"column":31},"end":{"line":107,"column":84}},"28":{"start":{"line":108,"column":8},"end":{"line":108,"column":45}},"29":{"start":{"line":110,"column":8},"end":{"line":110,"column":55}},"30":{"start":{"line":111,"column":8},"end":{"line":114,"column":9}},"31":{"start":{"line":112,"column":12},"end":{"line":113,"column":36}},"32":{"start":{"line":112,"column":18},"end":{"line":112,"column":75}},"33":{"start":{"line":115,"column":8},"end":{"line":115,"column":20}},"34":{"start":{"line":123,"column":4},"end":{"line":131,"column":7}},"35":{"start":{"line":138,"column":20},"end":{"line":138,"column":22}},"36":{"start":{"line":139,"column":19},"end":{"line":139,"column":21}},"37":{"start":{"line":140,"column":4},"end":{"line":143,"column":5}},"38":{"start":{"line":141,"column":8},"end":{"line":141,"column":28}},"39":{"start":{"line":142,"column":8},"end":{"line":142,"column":53}},"40":{"start":{"line":144,"column":4},"end":{"line":147,"column":5}},"41":{"start":{"line":145,"column":8},"end":{"line":145,"column":39}},"42":{"start":{"line":146,"column":8},"end":{"line":146,"column":57}},"43":{"start":{"line":148,"column":4},"end":{"line":151,"column":5}},"44":{"start":{"line":149,"column":8},"end":{"line":149,"column":27}},"45":{"start":{"line":150,"column":8},"end":{"line":150,"column":52}},"46":{"start":{"line":152,"column":4},"end":{"line":152,"column":53}},"47":{"start":{"line":154,"column":16},"end":{"line":170,"column":33}},"48":{"start":{"line":172,"column":21},"end":{"line":172,"column":50}},"49":{"start":{"line":173,"column":4},"end":{"line":173,"column":16}},"50":{"start":{"line":176,"column":0},"end":{"line":181,"column":2}}},"fnMap":{"0":{"name":"extraerIp","decl":{"start":{"line":50,"column":9},"end":{"line":50,"column":18}},"loc":{"start":{"line":50,"column":24},"end":{"line":64,"column":1}},"line":50},"1":{"name":"registrarAuditoria","decl":{"start":{"line":66,"column":15},"end":{"line":66,"column":33}},"loc":{"start":{"line":75,"column":3},"end":{"line":117,"column":1}},"line":75},"2":{"name":"registrarIntentoBloqueado","decl":{"start":{"line":122,"column":15},"end":{"line":122,"column":40}},"loc":{"start":{"line":122,"column":95},"end":{"line":132,"column":1}},"line":122},"3":{"name":"listarAuditoria","decl":{"start":{"line":137,"column":15},"end":{"line":137,"column":30}},"loc":{"start":{"line":137,"column":79},"end":{"line":174,"column":1}},"line":137}},"branchMap":{"0":{"loc":{"start":{"line":51,"column":4},"end":{"line":51,"column":26}},"type":"if","locations":[{"start":{"line":51,"column":4},"end":{"line":51,"column":26}},{"start":{},"end":{}}],"line":51},"1":{"loc":{"start":{"line":52,"column":16},"end":{"line":52,"column":67}},"type":"cond-expr","locations":[{"start":{"line":52,"column":30},"end":{"line":52,"column":60}},{"start":{"line":52,"column":63},"end":{"line":52,"column":67}}],"line":52},"2":{"loc":{"start":{"line":54,"column":4},"end":{"line":58,"column":5}},"type":"if","locations":[{"start":{"line":54,"column":4},"end":{"line":58,"column":5}},{"start":{"line":56,"column":11},"end":{"line":58,"column":5}}],"line":54},"3":{"loc":{"start":{"line":55,"column":20},"end":{"line":55,"column":75}},"type":"cond-expr","locations":[{"start":{"line":55,"column":41},"end":{"line":55,"column":47}},{"start":{"line":55,"column":50},"end":{"line":55,"column":75}}],"line":55},"4":{"loc":{"start":{"line":56,"column":11},"end":{"line":58,"column":5}},"type":"if","locations":[{"start":{"line":56,"column":11},"end":{"line":58,"column":5}},{"start":{},"end":{}}],"line":56},"5":{"loc":{"start":{"line":59,"column":4},"end":{"line":59,"column":32}},"type":"if","locations":[{"start":{"line":59,"column":4},"end":{"line":59,"column":32}},{"start":{},"end":{}}],"line":59},"6":{"loc":{"start":{"line":62,"column":4},"end":{"line":62,"column":72}},"type":"if","locations":[{"start":{"line":62,"column":4},"end":{"line":62,"column":72}},{"start":{},"end":{}}],"line":62},"7":{"loc":{"start":{"line":63,"column":11},"end":{"line":63,"column":28}},"type":"binary-expr","locations":[{"start":{"line":63,"column":11},"end":{"line":63,"column":20}},{"start":{"line":63,"column":24},"end":{"line":63,"column":28}}],"line":63},"8":{"loc":{"start":{"line":68,"column":4},"end":{"line":68,"column":18}},"type":"default-arg","locations":[{"start":{"line":68,"column":14},"end":{"line":68,"column":18}}],"line":68},"9":{"loc":{"start":{"line":70,"column":4},"end":{"line":70,"column":26}},"type":"default-arg","locations":[{"start":{"line":70,"column":22},"end":{"line":70,"column":26}}],"line":70},"10":{"loc":{"start":{"line":71,"column":4},"end":{"line":71,"column":20}},"type":"default-arg","locations":[{"start":{"line":71,"column":16},"end":{"line":71,"column":20}}],"line":71},"11":{"loc":{"start":{"line":72,"column":4},"end":{"line":72,"column":18}},"type":"default-arg","locations":[{"start":{"line":72,"column":14},"end":{"line":72,"column":18}}],"line":72},"12":{"loc":{"start":{"line":73,"column":4},"end":{"line":73,"column":16}},"type":"default-arg","locations":[{"start":{"line":73,"column":12},"end":{"line":73,"column":16}}],"line":73},"13":{"loc":{"start":{"line":74,"column":4},"end":{"line":74,"column":14}},"type":"default-arg","locations":[{"start":{"line":74,"column":10},"end":{"line":74,"column":14}}],"line":74},"14":{"loc":{"start":{"line":78,"column":23},"end":{"line":80,"column":75}},"type":"cond-expr","locations":[{"start":{"line":79,"column":10},"end":{"line":79,"column":14}},{"start":{"line":80,"column":11},"end":{"line":80,"column":74}}],"line":78},"15":{"loc":{"start":{"line":80,"column":11},"end":{"line":80,"column":74}},"type":"cond-expr","locations":[{"start":{"line":80,"column":41},"end":{"line":80,"column":48}},{"start":{"line":80,"column":51},"end":{"line":80,"column":74}}],"line":80},"16":{"loc":{"start":{"line":88,"column":8},"end":{"line":88,"column":35}},"type":"binary-expr","locations":[{"start":{"line":88,"column":8},"end":{"line":88,"column":27}},{"start":{"line":88,"column":31},"end":{"line":88,"column":35}}],"line":88},"17":{"loc":{"start":{"line":97,"column":19},"end":{"line":97,"column":33}},"type":"binary-expr","locations":[{"start":{"line":97,"column":19},"end":{"line":97,"column":25}},{"start":{"line":97,"column":29},"end":{"line":97,"column":33}}],"line":97},"18":{"loc":{"start":{"line":105,"column":8},"end":{"line":105,"column":76}},"type":"if","locations":[{"start":{"line":105,"column":8},"end":{"line":105,"column":76}},{"start":{},"end":{}}],"line":105},"19":{"loc":{"start":{"line":107,"column":8},"end":{"line":107,"column":84}},"type":"if","locations":[{"start":{"line":107,"column":8},"end":{"line":107,"column":84}},{"start":{},"end":{}}],"line":107},"20":{"loc":{"start":{"line":108,"column":15},"end":{"line":108,"column":44}},"type":"binary-expr","locations":[{"start":{"line":108,"column":15},"end":{"line":108,"column":36}},{"start":{"line":108,"column":40},"end":{"line":108,"column":44}}],"line":108},"21":{"loc":{"start":{"line":111,"column":8},"end":{"line":114,"column":9}},"type":"if","locations":[{"start":{"line":111,"column":8},"end":{"line":114,"column":9}},{"start":{},"end":{}}],"line":111},"22":{"loc":{"start":{"line":137,"column":31},"end":{"line":137,"column":77}},"type":"default-arg","locations":[{"start":{"line":137,"column":75},"end":{"line":137,"column":77}}],"line":137},"23":{"loc":{"start":{"line":137,"column":59},"end":{"line":137,"column":70}},"type":"default-arg","locations":[{"start":{"line":137,"column":67},"end":{"line":137,"column":70}}],"line":137},"24":{"loc":{"start":{"line":140,"column":4},"end":{"line":143,"column":5}},"type":"if","locations":[{"start":{"line":140,"column":4},"end":{"line":143,"column":5}},{"start":{},"end":{}}],"line":140},"25":{"loc":{"start":{"line":144,"column":4},"end":{"line":147,"column":5}},"type":"if","locations":[{"start":{"line":144,"column":4},"end":{"line":147,"column":5}},{"start":{},"end":{}}],"line":144},"26":{"loc":{"start":{"line":148,"column":4},"end":{"line":151,"column":5}},"type":"if","locations":[{"start":{"line":148,"column":4},"end":{"line":151,"column":5}},{"start":{},"end":{}}],"line":148},"27":{"loc":{"start":{"line":148,"column":8},"end":{"line":148,"column":41}},"type":"binary-expr","locations":[{"start":{"line":148,"column":8},"end":{"line":148,"column":22}},{"start":{"line":148,"column":26},"end":{"line":148,"column":41}}],"line":148},"28":{"loc":{"start":{"line":152,"column":25},"end":{"line":152,"column":45}},"type":"binary-expr","locations":[{"start":{"line":152,"column":25},"end":{"line":152,"column":38}},{"start":{"line":152,"column":42},"end":{"line":152,"column":45}}],"line":152},"29":{"loc":{"start":{"line":168,"column":11},"end":{"line":168,"column":65}},"type":"cond-expr","locations":[{"start":{"line":168,"column":28},"end":{"line":168,"column":60}},{"start":{"line":168,"column":63},"end":{"line":168,"column":65}}],"line":168}},"s":{"0":2,"1":2,"2":14,"3":14,"4":0,"5":0,"6":0,"7":0,"8":0,"9":0,"10":0,"11":0,"12":0,"13":0,"14":0,"15":0,"16":14,"17":14,"18":14,"19":14,"20":14,"21":14,"22":14,"23":14,"24":8,"25":14,"26":14,"27":8,"28":14,"29":0,"30":0,"31":0,"32":0,"33":0,"34":6,"35":0,"36":0,"37":0,"38":0,"39":0,"40":0,"41":0,"42":0,"43":0,"44":0,"45":0,"46":0,"47":0,"48":0,"49":0,"50":2},"f":{"0":14,"1":14,"2":6,"3":0},"b":{"0":[14,0],"1":[0,0],"2":[0,0],"3":[0,0],"4":[0,0],"5":[0,0],"6":[0,0],"7":[0,0],"8":[0],"9":[0],"10":[0],"11":[0],"12":[8],"13":[14],"14":[0,14],"15":[6,8],"16":[14,0],"17":[14,6],"18":[8,6],"19":[8,6],"20":[14,0],"21":[0,0],"22":[0],"23":[0],"24":[0,0],"25":[0,0],"26":[0,0],"27":[0,0],"28":[0,0],"29":[0,0]},"_coverageSchema":"1a1c01bbd47fc00a2c39e90264f33305004495a9","hash":"4b35957527ab988fe26f7c3a7b7cf537be89029d"}
,"C:\\Users\\Bruno\\Documents\\CLASES\\Proyecto integrado final\\Logico\\functions\\src\\errors.js": {"path":"C:\\Users\\Bruno\\Documents\\CLASES\\Proyecto integrado final\\Logico\\functions\\src\\errors.js","statementMap":{"0":{"start":{"line":6,"column":8},"end":{"line":6,"column":23}},"1":{"start":{"line":7,"column":8},"end":{"line":7,"column":29}},"2":{"start":{"line":8,"column":8},"end":{"line":8,"column":31}},"3":{"start":{"line":13,"column":36},"end":{"line":13,"column":65}},"4":{"start":{"line":16,"column":53},"end":{"line":16,"column":73}},"5":{"start":{"line":19,"column":36},"end":{"line":19,"column":65}},"6":{"start":{"line":22,"column":36},"end":{"line":22,"column":65}},"7":{"start":{"line":29,"column":4},"end":{"line":34,"column":5}},"8":{"start":{"line":30,"column":8},"end":{"line":33,"column":11}},"9":{"start":{"line":36,"column":4},"end":{"line":72,"column":5}},"10":{"start":{"line":37,"column":8},"end":{"line":46,"column":9}},"11":{"start":{"line":38,"column":24},"end":{"line":41,"column":63}},"12":{"start":{"line":42,"column":12},"end":{"line":45,"column":15}},"13":{"start":{"line":47,"column":8},"end":{"line":52,"column":9}},"14":{"start":{"line":48,"column":12},"end":{"line":51,"column":15}},"15":{"start":{"line":53,"column":8},"end":{"line":58,"column":9}},"16":{"start":{"line":54,"column":12},"end":{"line":57,"column":15}},"17":{"start":{"line":59,"column":8},"end":{"line":62,"column":9}},"18":{"start":{"line":61,"column":12},"end":{"line":61,"column":64}},"19":{"start":{"line":63,"column":8},"end":{"line":71,"column":9}},"20":{"start":{"line":64,"column":26},"end":{"line":64,"column":76}},"21":{"start":{"line":65,"column":12},"end":{"line":70,"column":15}},"22":{"start":{"line":73,"column":4},"end":{"line":73,"column":38}},"23":{"start":{"line":74,"column":4},"end":{"line":74,"column":74}},"24":{"start":{"line":77,"column":0},"end":{"line":84,"column":2}}},"fnMap":{"0":{"name":"(anonymous_0)","decl":{"start":{"line":5,"column":4},"end":{"line":5,"column":5}},"loc":{"start":{"line":5,"column":42},"end":{"line":9,"column":5}},"line":5},"1":{"name":"(anonymous_1)","decl":{"start":{"line":13,"column":4},"end":{"line":13,"column":5}},"loc":{"start":{"line":13,"column":34},"end":{"line":13,"column":67}},"line":13},"2":{"name":"(anonymous_2)","decl":{"start":{"line":16,"column":4},"end":{"line":16,"column":5}},"loc":{"start":{"line":16,"column":51},"end":{"line":16,"column":75}},"line":16},"3":{"name":"(anonymous_3)","decl":{"start":{"line":19,"column":4},"end":{"line":19,"column":5}},"loc":{"start":{"line":19,"column":34},"end":{"line":19,"column":67}},"line":19},"4":{"name":"(anonymous_4)","decl":{"start":{"line":22,"column":4},"end":{"line":22,"column":5}},"loc":{"start":{"line":22,"column":34},"end":{"line":22,"column":67}},"line":22},"5":{"name":"errorHandler","decl":{"start":{"line":28,"column":9},"end":{"line":28,"column":21}},"loc":{"start":{"line":28,"column":45},"end":{"line":75,"column":1}},"line":28}},"branchMap":{"0":{"loc":{"start":{"line":16,"column":16},"end":{"line":16,"column":49}},"type":"default-arg","locations":[{"start":{"line":16,"column":26},"end":{"line":16,"column":49}}],"line":16},"1":{"loc":{"start":{"line":29,"column":4},"end":{"line":34,"column":5}},"type":"if","locations":[{"start":{"line":29,"column":4},"end":{"line":34,"column":5}},{"start":{},"end":{}}],"line":29},"2":{"loc":{"start":{"line":36,"column":4},"end":{"line":72,"column":5}},"type":"if","locations":[{"start":{"line":36,"column":4},"end":{"line":72,"column":5}},{"start":{},"end":{}}],"line":36},"3":{"loc":{"start":{"line":37,"column":8},"end":{"line":46,"column":9}},"type":"if","locations":[{"start":{"line":37,"column":8},"end":{"line":46,"column":9}},{"start":{},"end":{}}],"line":37},"4":{"loc":{"start":{"line":38,"column":24},"end":{"line":41,"column":63}},"type":"cond-expr","locations":[{"start":{"line":40,"column":18},"end":{"line":40,"column":119}},{"start":{"line":41,"column":18},"end":{"line":41,"column":63}}],"line":38},"5":{"loc":{"start":{"line":38,"column":24},"end":{"line":39,"column":59}},"type":"binary-expr","locations":[{"start":{"line":38,"column":24},"end":{"line":38,"column":82}},{"start":{"line":39,"column":19},"end":{"line":39,"column":59}}],"line":38},"6":{"loc":{"start":{"line":38,"column":25},"end":{"line":38,"column":59}},"type":"binary-expr","locations":[{"start":{"line":38,"column":25},"end":{"line":38,"column":39}},{"start":{"line":38,"column":43},"end":{"line":38,"column":53}},{"start":{"line":38,"column":57},"end":{"line":38,"column":59}}],"line":38},"7":{"loc":{"start":{"line":39,"column":20},"end":{"line":39,"column":36}},"type":"binary-expr","locations":[{"start":{"line":39,"column":20},"end":{"line":39,"column":30}},{"start":{"line":39,"column":34},"end":{"line":39,"column":36}}],"line":39},"8":{"loc":{"start":{"line":47,"column":8},"end":{"line":52,"column":9}},"type":"if","locations":[{"start":{"line":47,"column":8},"end":{"line":52,"column":9}},{"start":{},"end":{}}],"line":47},"9":{"loc":{"start":{"line":53,"column":8},"end":{"line":58,"column":9}},"type":"if","locations":[{"start":{"line":53,"column":8},"end":{"line":58,"column":9}},{"start":{},"end":{}}],"line":53},"10":{"loc":{"start":{"line":59,"column":8},"end":{"line":62,"column":9}},"type":"if","locations":[{"start":{"line":59,"column":8},"end":{"line":62,"column":9}},{"start":{},"end":{}}],"line":59},"11":{"loc":{"start":{"line":63,"column":8},"end":{"line":71,"column":9}},"type":"if","locations":[{"start":{"line":63,"column":8},"end":{"line":71,"column":9}},{"start":{},"end":{}}],"line":63},"12":{"loc":{"start":{"line":64,"column":26},"end":{"line":64,"column":76}},"type":"cond-expr","locations":[{"start":{"line":64,"column":59},"end":{"line":64,"column":66}},{"start":{"line":64,"column":69},"end":{"line":64,"column":76}}],"line":64},"13":{"loc":{"start":{"line":66,"column":23},"end":{"line":68,"column":69}},"type":"cond-expr","locations":[{"start":{"line":67,"column":22},"end":{"line":67,"column":133}},{"start":{"line":68,"column":22},"end":{"line":68,"column":69}}],"line":66}},"s":{"0":26,"1":26,"2":26,"3":12,"4":2,"5":2,"6":10,"7":0,"8":0,"9":0,"10":0,"11":0,"12":0,"13":0,"14":0,"15":0,"16":0,"17":0,"18":0,"19":0,"20":0,"21":0,"22":0,"23":0,"24":6},"f":{"0":26,"1":12,"2":2,"3":2,"4":10,"5":0},"b":{"0":[0],"1":[0,0],"2":[0,0],"3":[0,0],"4":[0,0],"5":[0,0],"6":[0,0,0],"7":[0,0],"8":[0,0],"9":[0,0],"10":[0,0],"11":[0,0],"12":[0,0],"13":[0,0]},"_coverageSchema":"1a1c01bbd47fc00a2c39e90264f33305004495a9","hash":"0dcc9cebd8dc48f47f28b435122774f1bd49cc2f"}
,"C:\\Users\\Bruno\\Documents\\CLASES\\Proyecto integrado final\\Logico\\functions\\src\\estados.js": {"path":"C:\\Users\\Bruno\\Documents\\CLASES\\Proyecto integrado final\\Logico\\functions\\src\\estados.js","statementMap":{"0":{"start":{"line":4,"column":28},"end":{"line":4,"column":43}},"1":{"start":{"line":9,"column":4},"end":{"line":9,"column":23}},"2":{"start":{"line":11,"column":24},"end":{"line":18,"column":1}},"3":{"start":{"line":21,"column":21},"end":{"line":28,"column":1}},"4":{"start":{"line":35,"column":4},"end":{"line":37,"column":5}},"5":{"start":{"line":36,"column":8},"end":{"line":36,"column":75}},"6":{"start":{"line":39,"column":4},"end":{"line":103,"column":7}},"7":{"start":{"line":40,"column":37},"end":{"line":47,"column":9}},"8":{"start":{"line":48,"column":23},"end":{"line":48,"column":36}},"9":{"start":{"line":49,"column":8},"end":{"line":49,"column":70}},"10":{"start":{"line":49,"column":21},"end":{"line":49,"column":70}},"11":{"start":{"line":50,"column":8},"end":{"line":52,"column":9}},"12":{"start":{"line":51,"column":12},"end":{"line":51,"column":68}},"13":{"start":{"line":54,"column":27},"end":{"line":54,"column":67}},"14":{"start":{"line":55,"column":8},"end":{"line":60,"column":9}},"15":{"start":{"line":56,"column":12},"end":{"line":59,"column":14}},"16":{"start":{"line":63,"column":8},"end":{"line":75,"column":9}},"17":{"start":{"line":64,"column":39},"end":{"line":69,"column":13}},"18":{"start":{"line":70,"column":12},"end":{"line":74,"column":13}},"19":{"start":{"line":71,"column":16},"end":{"line":73,"column":18}},"20":{"start":{"line":77,"column":37},"end":{"line":80,"column":9}},"21":{"start":{"line":81,"column":25},"end":{"line":81,"column":48}},"22":{"start":{"line":83,"column":35},"end":{"line":88,"column":9}},"23":{"start":{"line":91,"column":8},"end":{"line":100,"column":9}},"24":{"start":{"line":92,"column":12},"end":{"line":99,"column":14}},"25":{"start":{"line":102,"column":8},"end":{"line":102,"column":27}},"26":{"start":{"line":111,"column":4},"end":{"line":116,"column":7}},"27":{"start":{"line":119,"column":0},"end":{"line":124,"column":2}}},"fnMap":{"0":{"name":"cambiarEstadoPedido","decl":{"start":{"line":34,"column":15},"end":{"line":34,"column":34}},"loc":{"start":{"line":34,"column":83},"end":{"line":104,"column":1}},"line":34},"1":{"name":"(anonymous_1)","decl":{"start":{"line":39,"column":27},"end":{"line":39,"column":28}},"loc":{"start":{"line":39,"column":45},"end":{"line":103,"column":5}},"line":39},"2":{"name":"registrarEntrega","decl":{"start":{"line":110,"column":15},"end":{"line":110,"column":31}},"loc":{"start":{"line":110,"column":67},"end":{"line":117,"column":1}},"line":110}},"branchMap":{"0":{"loc":{"start":{"line":35,"column":4},"end":{"line":37,"column":5}},"type":"if","locations":[{"start":{"line":35,"column":4},"end":{"line":37,"column":5}},{"start":{},"end":{}}],"line":35},"1":{"loc":{"start":{"line":49,"column":8},"end":{"line":49,"column":70}},"type":"if","locations":[{"start":{"line":49,"column":8},"end":{"line":49,"column":70}},{"start":{},"end":{}}],"line":49},"2":{"loc":{"start":{"line":50,"column":8},"end":{"line":52,"column":9}},"type":"if","locations":[{"start":{"line":50,"column":8},"end":{"line":52,"column":9}},{"start":{},"end":{}}],"line":50},"3":{"loc":{"start":{"line":54,"column":27},"end":{"line":54,"column":67}},"type":"binary-expr","locations":[{"start":{"line":54,"column":27},"end":{"line":54,"column":61}},{"start":{"line":54,"column":65},"end":{"line":54,"column":67}}],"line":54},"4":{"loc":{"start":{"line":55,"column":8},"end":{"line":60,"column":9}},"type":"if","locations":[{"start":{"line":55,"column":8},"end":{"line":60,"column":9}},{"start":{},"end":{}}],"line":55},"5":{"loc":{"start":{"line":58,"column":32},"end":{"line":58,"column":66}},"type":"binary-expr","locations":[{"start":{"line":58,"column":32},"end":{"line":58,"column":53}},{"start":{"line":58,"column":57},"end":{"line":58,"column":66}}],"line":58},"6":{"loc":{"start":{"line":63,"column":8},"end":{"line":75,"column":9}},"type":"if","locations":[{"start":{"line":63,"column":8},"end":{"line":75,"column":9}},{"start":{},"end":{}}],"line":63},"7":{"loc":{"start":{"line":70,"column":12},"end":{"line":74,"column":13}},"type":"if","locations":[{"start":{"line":70,"column":12},"end":{"line":74,"column":13}},{"start":{},"end":{}}],"line":70},"8":{"loc":{"start":{"line":70,"column":16},"end":{"line":70,"column":95}},"type":"binary-expr","locations":[{"start":{"line":70,"column":16},"end":{"line":70,"column":28}},{"start":{"line":70,"column":32},"end":{"line":70,"column":95}}],"line":70},"9":{"loc":{"start":{"line":87,"column":33},"end":{"line":87,"column":51}},"type":"binary-expr","locations":[{"start":{"line":87,"column":33},"end":{"line":87,"column":43}},{"start":{"line":87,"column":47},"end":{"line":87,"column":51}}],"line":87},"10":{"loc":{"start":{"line":91,"column":8},"end":{"line":100,"column":9}},"type":"if","locations":[{"start":{"line":91,"column":8},"end":{"line":100,"column":9}},{"start":{},"end":{}}],"line":91},"11":{"loc":{"start":{"line":114,"column":20},"end":{"line":114,"column":54}},"type":"binary-expr","locations":[{"start":{"line":114,"column":20},"end":{"line":114,"column":30}},{"start":{"line":114,"column":34},"end":{"line":114,"column":54}}],"line":114}},"s":{"0":1,"1":1,"2":1,"3":1,"4":4,"5":1,"6":3,"7":3,"8":3,"9":3,"10":0,"11":3,"12":0,"13":3,"14":3,"15":1,"16":2,"17":2,"18":2,"19":1,"20":1,"21":1,"22":1,"23":1,"24":1,"25":1,"26":0,"27":1},"f":{"0":4,"1":3,"2":0},"b":{"0":[1,3],"1":[0,3],"2":[0,3],"3":[3,0],"4":[1,2],"5":[1,1],"6":[2,0],"7":[1,1],"8":[2,2],"9":[1,0],"10":[1,0],"11":[0,0]},"_coverageSchema":"1a1c01bbd47fc00a2c39e90264f33305004495a9","hash":"33f6805c514a9f2e8938d2142c393b696fcc3e80"}
,"C:\\Users\\Bruno\\Documents\\CLASES\\Proyecto integrado final\\Logico\\functions\\src\\farmacias.js": {"path":"C:\\Users\\Bruno\\Documents\\CLASES\\Proyecto integrado final\\Logico\\functions\\src\\farmacias.js","statementMap":{"0":{"start":{"line":12,"column":34},"end":{"line":12,"column":49}},"1":{"start":{"line":13,"column":43},"end":{"line":13,"column":62}},"2":{"start":{"line":14,"column":41},"end":{"line":14,"column":63}},"3":{"start":{"line":15,"column":25},"end":{"line":15,"column":47}},"4":{"start":{"line":17,"column":20},"end":{"line":34,"column":60}},"5":{"start":{"line":37,"column":20},"end":{"line":37,"column":22}},"6":{"start":{"line":39,"column":4},"end":{"line":43,"column":5}},"7":{"start":{"line":40,"column":8},"end":{"line":40,"column":95}},"8":{"start":{"line":40,"column":57},"end":{"line":40,"column":95}},"9":{"start":{"line":41,"column":8},"end":{"line":41,"column":104}},"10":{"start":{"line":41,"column":63},"end":{"line":41,"column":104}},"11":{"start":{"line":42,"column":8},"end":{"line":42,"column":96}},"12":{"start":{"line":42,"column":55},"end":{"line":42,"column":96}},"13":{"start":{"line":45,"column":4},"end":{"line":45,"column":82}},"14":{"start":{"line":45,"column":43},"end":{"line":45,"column":82}},"15":{"start":{"line":46,"column":4},"end":{"line":46,"column":91}},"16":{"start":{"line":46,"column":49},"end":{"line":46,"column":91}},"17":{"start":{"line":47,"column":4},"end":{"line":47,"column":87}},"18":{"start":{"line":47,"column":46},"end":{"line":47,"column":87}},"19":{"start":{"line":49,"column":4},"end":{"line":56,"column":5}},"20":{"start":{"line":50,"column":20},"end":{"line":50,"column":39}},"21":{"start":{"line":51,"column":8},"end":{"line":55,"column":9}},"22":{"start":{"line":52,"column":12},"end":{"line":52,"column":47}},"23":{"start":{"line":53,"column":15},"end":{"line":55,"column":9}},"24":{"start":{"line":54,"column":12},"end":{"line":54,"column":63}},"25":{"start":{"line":58,"column":4},"end":{"line":58,"column":70}},"26":{"start":{"line":58,"column":24},"end":{"line":58,"column":70}},"27":{"start":{"line":62,"column":4},"end":{"line":62,"column":34}},"28":{"start":{"line":64,"column":4},"end":{"line":99,"column":7}},"29":{"start":{"line":65,"column":25},"end":{"line":76,"column":9}},"30":{"start":{"line":79,"column":31},"end":{"line":82,"column":9}},"31":{"start":{"line":83,"column":25},"end":{"line":83,"column":32}},"32":{"start":{"line":85,"column":8},"end":{"line":97,"column":11}},"33":{"start":{"line":98,"column":8},"end":{"line":98,"column":24}},"34":{"start":{"line":103,"column":20},"end":{"line":103,"column":22}},"35":{"start":{"line":104,"column":19},"end":{"line":104,"column":21}},"36":{"start":{"line":106,"column":4},"end":{"line":106,"column":53}},"37":{"start":{"line":106,"column":21},"end":{"line":106,"column":53}},"38":{"start":{"line":107,"column":4},"end":{"line":113,"column":5}},"39":{"start":{"line":108,"column":18},"end":{"line":108,"column":34}},"40":{"start":{"line":109,"column":8},"end":{"line":112,"column":9}},"41":{"start":{"line":110,"column":12},"end":{"line":110,"column":27}},"42":{"start":{"line":111,"column":12},"end":{"line":111,"column":60}},"43":{"start":{"line":114,"column":4},"end":{"line":120,"column":5}},"44":{"start":{"line":115,"column":18},"end":{"line":115,"column":37}},"45":{"start":{"line":116,"column":8},"end":{"line":119,"column":9}},"46":{"start":{"line":117,"column":12},"end":{"line":117,"column":27}},"47":{"start":{"line":118,"column":12},"end":{"line":118,"column":64}},"48":{"start":{"line":121,"column":4},"end":{"line":127,"column":5}},"49":{"start":{"line":122,"column":18},"end":{"line":122,"column":34}},"50":{"start":{"line":123,"column":8},"end":{"line":126,"column":9}},"51":{"start":{"line":124,"column":12},"end":{"line":124,"column":27}},"52":{"start":{"line":125,"column":12},"end":{"line":125,"column":60}},"53":{"start":{"line":129,"column":16},"end":{"line":134,"column":26}},"54":{"start":{"line":135,"column":21},"end":{"line":135,"column":50}},"55":{"start":{"line":138,"column":8},"end":{"line":140,"column":48}},"56":{"start":{"line":141,"column":4},"end":{"line":155,"column":5}},"57":{"start":{"line":142,"column":23},"end":{"line":142,"column":67}},"58":{"start":{"line":143,"column":8},"end":{"line":143,"column":62}},"59":{"start":{"line":143,"column":25},"end":{"line":143,"column":62}},"60":{"start":{"line":144,"column":30},"end":{"line":144,"column":56}},"61":{"start":{"line":145,"column":26},"end":{"line":145,"column":35}},"62":{"start":{"line":146,"column":8},"end":{"line":154,"column":9}},"63":{"start":{"line":147,"column":12},"end":{"line":153,"column":14}},"64":{"start":{"line":157,"column":4},"end":{"line":157,"column":16}},"65":{"start":{"line":161,"column":21},"end":{"line":164,"column":5}},"66":{"start":{"line":165,"column":4},"end":{"line":165,"column":69}},"67":{"start":{"line":165,"column":18},"end":{"line":165,"column":69}},"68":{"start":{"line":166,"column":4},"end":{"line":166,"column":19}},"69":{"start":{"line":170,"column":4},"end":{"line":170,"column":53}},"70":{"start":{"line":172,"column":4},"end":{"line":219,"column":7}},"71":{"start":{"line":173,"column":31},"end":{"line":176,"column":9}},"72":{"start":{"line":177,"column":8},"end":{"line":177,"column":73}},"73":{"start":{"line":177,"column":22},"end":{"line":177,"column":73}},"74":{"start":{"line":179,"column":8},"end":{"line":195,"column":10}},"75":{"start":{"line":197,"column":31},"end":{"line":200,"column":9}},"76":{"start":{"line":201,"column":25},"end":{"line":201,"column":32}},"77":{"start":{"line":203,"column":24},"end":{"line":203,"column":26}},"78":{"start":{"line":204,"column":8},"end":{"line":208,"column":9}},"79":{"start":{"line":205,"column":12},"end":{"line":207,"column":13}},"80":{"start":{"line":206,"column":16},"end":{"line":206,"column":73}},"81":{"start":{"line":209,"column":8},"end":{"line":217,"column":11}},"82":{"start":{"line":218,"column":8},"end":{"line":218,"column":24}},"83":{"start":{"line":223,"column":4},"end":{"line":247,"column":7}},"84":{"start":{"line":224,"column":25},"end":{"line":229,"column":9}},"85":{"start":{"line":230,"column":8},"end":{"line":230,"column":73}},"86":{"start":{"line":230,"column":22},"end":{"line":230,"column":73}},"87":{"start":{"line":232,"column":8},"end":{"line":240,"column":11}},"88":{"start":{"line":242,"column":31},"end":{"line":245,"column":9}},"89":{"start":{"line":246,"column":8},"end":{"line":246,"column":23}},"90":{"start":{"line":251,"column":4},"end":{"line":275,"column":7}},"91":{"start":{"line":252,"column":25},"end":{"line":257,"column":9}},"92":{"start":{"line":258,"column":8},"end":{"line":258,"column":73}},"93":{"start":{"line":258,"column":22},"end":{"line":258,"column":73}},"94":{"start":{"line":260,"column":8},"end":{"line":268,"column":11}},"95":{"start":{"line":270,"column":31},"end":{"line":273,"column":9}},"96":{"start":{"line":274,"column":8},"end":{"line":274,"column":23}},"97":{"start":{"line":278,"column":0},"end":{"line":285,"column":2}}},"fnMap":{"0":{"name":"validarPayload","decl":{"start":{"line":36,"column":15},"end":{"line":36,"column":29}},"loc":{"start":{"line":36,"column":59},"end":{"line":59,"column":1}},"line":36},"1":{"name":"crearFarmacia","decl":{"start":{"line":61,"column":15},"end":{"line":61,"column":28}},"loc":{"start":{"line":61,"column":56},"end":{"line":100,"column":1}},"line":61},"2":{"name":"(anonymous_2)","decl":{"start":{"line":64,"column":27},"end":{"line":64,"column":28}},"loc":{"start":{"line":64,"column":45},"end":{"line":99,"column":5}},"line":64},"3":{"name":"listarFarmacias","decl":{"start":{"line":102,"column":15},"end":{"line":102,"column":30}},"loc":{"start":{"line":102,"column":94},"end":{"line":158,"column":1}},"line":102},"4":{"name":"obtenerFarmacia","decl":{"start":{"line":160,"column":15},"end":{"line":160,"column":30}},"loc":{"start":{"line":160,"column":43},"end":{"line":167,"column":1}},"line":160},"5":{"name":"actualizarFarmacia","decl":{"start":{"line":169,"column":15},"end":{"line":169,"column":33}},"loc":{"start":{"line":169,"column":73},"end":{"line":220,"column":1}},"line":169},"6":{"name":"(anonymous_6)","decl":{"start":{"line":172,"column":27},"end":{"line":172,"column":28}},"loc":{"start":{"line":172,"column":45},"end":{"line":219,"column":5}},"line":172},"7":{"name":"desactivarFarmacia","decl":{"start":{"line":222,"column":15},"end":{"line":222,"column":33}},"loc":{"start":{"line":222,"column":64},"end":{"line":248,"column":1}},"line":222},"8":{"name":"(anonymous_8)","decl":{"start":{"line":223,"column":27},"end":{"line":223,"column":28}},"loc":{"start":{"line":223,"column":45},"end":{"line":247,"column":5}},"line":223},"9":{"name":"activarFarmacia","decl":{"start":{"line":250,"column":15},"end":{"line":250,"column":30}},"loc":{"start":{"line":250,"column":61},"end":{"line":276,"column":1}},"line":250},"10":{"name":"(anonymous_10)","decl":{"start":{"line":251,"column":27},"end":{"line":251,"column":28}},"loc":{"start":{"line":251,"column":45},"end":{"line":275,"column":5}},"line":251}},"branchMap":{"0":{"loc":{"start":{"line":36,"column":33},"end":{"line":36,"column":57}},"type":"default-arg","locations":[{"start":{"line":36,"column":55},"end":{"line":36,"column":57}}],"line":36},"1":{"loc":{"start":{"line":36,"column":35},"end":{"line":36,"column":50}},"type":"default-arg","locations":[{"start":{"line":36,"column":45},"end":{"line":36,"column":50}}],"line":36},"2":{"loc":{"start":{"line":39,"column":4},"end":{"line":43,"column":5}},"type":"if","locations":[{"start":{"line":39,"column":4},"end":{"line":43,"column":5}},{"start":{},"end":{}}],"line":39},"3":{"loc":{"start":{"line":40,"column":8},"end":{"line":40,"column":95}},"type":"if","locations":[{"start":{"line":40,"column":8},"end":{"line":40,"column":95}},{"start":{},"end":{}}],"line":40},"4":{"loc":{"start":{"line":40,"column":12},"end":{"line":40,"column":55}},"type":"binary-expr","locations":[{"start":{"line":40,"column":12},"end":{"line":40,"column":21}},{"start":{"line":40,"column":25},"end":{"line":40,"column":55}}],"line":40},"5":{"loc":{"start":{"line":41,"column":8},"end":{"line":41,"column":104}},"type":"if","locations":[{"start":{"line":41,"column":8},"end":{"line":41,"column":104}},{"start":{},"end":{}}],"line":41},"6":{"loc":{"start":{"line":41,"column":12},"end":{"line":41,"column":61}},"type":"binary-expr","locations":[{"start":{"line":41,"column":12},"end":{"line":41,"column":24}},{"start":{"line":41,"column":28},"end":{"line":41,"column":61}}],"line":41},"7":{"loc":{"start":{"line":42,"column":8},"end":{"line":42,"column":96}},"type":"if","locations":[{"start":{"line":42,"column":8},"end":{"line":42,"column":96}},{"start":{},"end":{}}],"line":42},"8":{"loc":{"start":{"line":42,"column":12},"end":{"line":42,"column":53}},"type":"binary-expr","locations":[{"start":{"line":42,"column":12},"end":{"line":42,"column":31}},{"start":{"line":42,"column":35},"end":{"line":42,"column":53}}],"line":42},"9":{"loc":{"start":{"line":45,"column":4},"end":{"line":45,"column":82}},"type":"if","locations":[{"start":{"line":45,"column":4},"end":{"line":45,"column":82}},{"start":{},"end":{}}],"line":45},"10":{"loc":{"start":{"line":45,"column":8},"end":{"line":45,"column":41}},"type":"binary-expr","locations":[{"start":{"line":45,"column":8},"end":{"line":45,"column":16}},{"start":{"line":45,"column":20},"end":{"line":45,"column":41}}],"line":45},"11":{"loc":{"start":{"line":46,"column":4},"end":{"line":46,"column":91}},"type":"if","locations":[{"start":{"line":46,"column":4},"end":{"line":46,"column":91}},{"start":{},"end":{}}],"line":46},"12":{"loc":{"start":{"line":46,"column":8},"end":{"line":46,"column":47}},"type":"binary-expr","locations":[{"start":{"line":46,"column":8},"end":{"line":46,"column":19}},{"start":{"line":46,"column":23},"end":{"line":46,"column":47}}],"line":46},"13":{"loc":{"start":{"line":47,"column":4},"end":{"line":47,"column":87}},"type":"if","locations":[{"start":{"line":47,"column":4},"end":{"line":47,"column":87}},{"start":{},"end":{}}],"line":47},"14":{"loc":{"start":{"line":47,"column":8},"end":{"line":47,"column":44}},"type":"binary-expr","locations":[{"start":{"line":47,"column":8},"end":{"line":47,"column":18}},{"start":{"line":47,"column":22},"end":{"line":47,"column":44}}],"line":47},"15":{"loc":{"start":{"line":49,"column":4},"end":{"line":56,"column":5}},"type":"if","locations":[{"start":{"line":49,"column":4},"end":{"line":56,"column":5}},{"start":{},"end":{}}],"line":49},"16":{"loc":{"start":{"line":49,"column":8},"end":{"line":49,"column":49}},"type":"binary-expr","locations":[{"start":{"line":49,"column":8},"end":{"line":49,"column":27}},{"start":{"line":49,"column":31},"end":{"line":49,"column":49}}],"line":49},"17":{"loc":{"start":{"line":51,"column":8},"end":{"line":55,"column":9}},"type":"if","locations":[{"start":{"line":51,"column":8},"end":{"line":55,"column":9}},{"start":{"line":53,"column":15},"end":{"line":55,"column":9}}],"line":51},"18":{"loc":{"start":{"line":53,"column":15},"end":{"line":55,"column":9}},"type":"if","locations":[{"start":{"line":53,"column":15},"end":{"line":55,"column":9}},{"start":{},"end":{}}],"line":53},"19":{"loc":{"start":{"line":58,"column":4},"end":{"line":58,"column":70}},"type":"if","locations":[{"start":{"line":58,"column":4},"end":{"line":58,"column":70}},{"start":{},"end":{}}],"line":58},"20":{"loc":{"start":{"line":72,"column":16},"end":{"line":72,"column":73}},"type":"cond-expr","locations":[{"start":{"line":72,"column":35},"end":{"line":72,"column":66}},{"start":{"line":72,"column":69},"end":{"line":72,"column":73}}],"line":72},"21":{"loc":{"start":{"line":102,"column":31},"end":{"line":102,"column":92}},"type":"default-arg","locations":[{"start":{"line":102,"column":90},"end":{"line":102,"column":92}}],"line":102},"22":{"loc":{"start":{"line":102,"column":33},"end":{"line":102,"column":52}},"type":"default-arg","locations":[{"start":{"line":102,"column":47},"end":{"line":102,"column":52}}],"line":102},"23":{"loc":{"start":{"line":106,"column":4},"end":{"line":106,"column":53}},"type":"if","locations":[{"start":{"line":106,"column":4},"end":{"line":106,"column":53}},{"start":{},"end":{}}],"line":106},"24":{"loc":{"start":{"line":107,"column":4},"end":{"line":113,"column":5}},"type":"if","locations":[{"start":{"line":107,"column":4},"end":{"line":113,"column":5}},{"start":{},"end":{}}],"line":107},"25":{"loc":{"start":{"line":107,"column":8},"end":{"line":107,"column":43}},"type":"binary-expr","locations":[{"start":{"line":107,"column":8},"end":{"line":107,"column":24}},{"start":{"line":107,"column":28},"end":{"line":107,"column":43}}],"line":107},"26":{"loc":{"start":{"line":109,"column":8},"end":{"line":112,"column":9}},"type":"if","locations":[{"start":{"line":109,"column":8},"end":{"line":112,"column":9}},{"start":{},"end":{}}],"line":109},"27":{"loc":{"start":{"line":114,"column":4},"end":{"line":120,"column":5}},"type":"if","locations":[{"start":{"line":114,"column":4},"end":{"line":120,"column":5}},{"start":{},"end":{}}],"line":114},"28":{"loc":{"start":{"line":114,"column":8},"end":{"line":114,"column":49}},"type":"binary-expr","locations":[{"start":{"line":114,"column":8},"end":{"line":114,"column":27}},{"start":{"line":114,"column":31},"end":{"line":114,"column":49}}],"line":114},"29":{"loc":{"start":{"line":116,"column":8},"end":{"line":119,"column":9}},"type":"if","locations":[{"start":{"line":116,"column":8},"end":{"line":119,"column":9}},{"start":{},"end":{}}],"line":116},"30":{"loc":{"start":{"line":121,"column":4},"end":{"line":127,"column":5}},"type":"if","locations":[{"start":{"line":121,"column":4},"end":{"line":127,"column":5}},{"start":{},"end":{}}],"line":121},"31":{"loc":{"start":{"line":121,"column":8},"end":{"line":121,"column":43}},"type":"binary-expr","locations":[{"start":{"line":121,"column":8},"end":{"line":121,"column":24}},{"start":{"line":121,"column":28},"end":{"line":121,"column":43}}],"line":121},"32":{"loc":{"start":{"line":123,"column":8},"end":{"line":126,"column":9}},"type":"if","locations":[{"start":{"line":123,"column":8},"end":{"line":126,"column":9}},{"start":{},"end":{}}],"line":123},"33":{"loc":{"start":{"line":130,"column":10},"end":{"line":130,"column":64}},"type":"cond-expr","locations":[{"start":{"line":130,"column":27},"end":{"line":130,"column":59}},{"start":{"line":130,"column":62},"end":{"line":130,"column":64}}],"line":130},"34":{"loc":{"start":{"line":138,"column":8},"end":{"line":140,"column":48}},"type":"binary-expr","locations":[{"start":{"line":138,"column":9},"end":{"line":138,"column":25}},{"start":{"line":138,"column":29},"end":{"line":138,"column":44}},{"start":{"line":139,"column":12},"end":{"line":139,"column":31}},{"start":{"line":139,"column":35},"end":{"line":139,"column":53}},{"start":{"line":140,"column":12},"end":{"line":140,"column":28}},{"start":{"line":140,"column":32},"end":{"line":140,"column":47}}],"line":138},"35":{"loc":{"start":{"line":141,"column":4},"end":{"line":155,"column":5}},"type":"if","locations":[{"start":{"line":141,"column":4},"end":{"line":155,"column":5}},{"start":{},"end":{}}],"line":141},"36":{"loc":{"start":{"line":143,"column":8},"end":{"line":143,"column":62}},"type":"if","locations":[{"start":{"line":143,"column":8},"end":{"line":143,"column":62}},{"start":{},"end":{}}],"line":143},"37":{"loc":{"start":{"line":146,"column":8},"end":{"line":154,"column":9}},"type":"if","locations":[{"start":{"line":146,"column":8},"end":{"line":154,"column":9}},{"start":{},"end":{}}],"line":146},"38":{"loc":{"start":{"line":146,"column":12},"end":{"line":146,"column":68}},"type":"binary-expr","locations":[{"start":{"line":146,"column":12},"end":{"line":146,"column":39}},{"start":{"line":146,"column":43},"end":{"line":146,"column":68}}],"line":146},"39":{"loc":{"start":{"line":165,"column":4},"end":{"line":165,"column":69}},"type":"if","locations":[{"start":{"line":165,"column":4},"end":{"line":165,"column":69}},{"start":{},"end":{}}],"line":165},"40":{"loc":{"start":{"line":177,"column":8},"end":{"line":177,"column":73}},"type":"if","locations":[{"start":{"line":177,"column":8},"end":{"line":177,"column":73}},{"start":{},"end":{}}],"line":177},"41":{"loc":{"start":{"line":189,"column":16},"end":{"line":189,"column":61}},"type":"cond-expr","locations":[{"start":{"line":189,"column":33},"end":{"line":189,"column":54}},{"start":{"line":189,"column":57},"end":{"line":189,"column":61}}],"line":189},"42":{"loc":{"start":{"line":190,"column":16},"end":{"line":190,"column":67}},"type":"cond-expr","locations":[{"start":{"line":190,"column":36},"end":{"line":190,"column":60}},{"start":{"line":190,"column":63},"end":{"line":190,"column":67}}],"line":190},"43":{"loc":{"start":{"line":191,"column":16},"end":{"line":191,"column":81}},"type":"cond-expr","locations":[{"start":{"line":191,"column":43},"end":{"line":191,"column":74}},{"start":{"line":191,"column":77},"end":{"line":191,"column":81}}],"line":191},"44":{"loc":{"start":{"line":192,"column":16},"end":{"line":192,"column":68}},"type":"cond-expr","locations":[{"start":{"line":192,"column":36},"end":{"line":192,"column":61}},{"start":{"line":192,"column":64},"end":{"line":192,"column":68}}],"line":192},"45":{"loc":{"start":{"line":205,"column":12},"end":{"line":207,"column":13}},"type":"if","locations":[{"start":{"line":205,"column":12},"end":{"line":207,"column":13}},{"start":{},"end":{}}],"line":205},"46":{"loc":{"start":{"line":230,"column":8},"end":{"line":230,"column":73}},"type":"if","locations":[{"start":{"line":230,"column":8},"end":{"line":230,"column":73}},{"start":{},"end":{}}],"line":230},"47":{"loc":{"start":{"line":258,"column":8},"end":{"line":258,"column":73}},"type":"if","locations":[{"start":{"line":258,"column":8},"end":{"line":258,"column":73}},{"start":{},"end":{}}],"line":258}},"s":{"0":1,"1":1,"2":1,"3":1,"4":1,"5":5,"6":5,"7":3,"8":0,"9":3,"10":1,"11":3,"12":1,"13":5,"14":0,"15":5,"16":0,"17":5,"18":0,"19":5,"20":2,"21":2,"22":0,"23":2,"24":1,"25":5,"26":2,"27":3,"28":1,"29":1,"30":1,"31":1,"32":1,"33":1,"34":0,"35":0,"36":0,"37":0,"38":0,"39":0,"40":0,"41":0,"42":0,"43":0,"44":0,"45":0,"46":0,"47":0,"48":0,"49":0,"50":0,"51":0,"52":0,"53":0,"54":0,"55":0,"56":0,"57":0,"58":0,"59":0,"60":0,"61":0,"62":0,"63":0,"64":0,"65":0,"66":0,"67":0,"68":0,"69":2,"70":2,"71":2,"72":2,"73":1,"74":1,"75":1,"76":1,"77":1,"78":1,"79":5,"80":1,"81":1,"82":1,"83":1,"84":1,"85":1,"86":0,"87":1,"88":1,"89":1,"90":0,"91":0,"92":0,"93":0,"94":0,"95":0,"96":0,"97":1},"f":{"0":5,"1":3,"2":1,"3":0,"4":0,"5":2,"6":2,"7":1,"8":1,"9":0,"10":0},"b":{"0":[3],"1":[3],"2":[3,2],"3":[0,3],"4":[3,3],"5":[1,2],"6":[3,2],"7":[1,2],"8":[3,2],"9":[0,5],"10":[5,5],"11":[0,5],"12":[5,2],"13":[0,5],"14":[5,0],"15":[2,3],"16":[5,2],"17":[0,2],"18":[1,1],"19":[2,3],"20":[0,1],"21":[0],"22":[0],"23":[0,0],"24":[0,0],"25":[0,0],"26":[0,0],"27":[0,0],"28":[0,0],"29":[0,0],"30":[0,0],"31":[0,0],"32":[0,0],"33":[0,0],"34":[0,0,0,0,0,0],"35":[0,0],"36":[0,0],"37":[0,0],"38":[0,0],"39":[0,0],"40":[1,1],"41":[1,0],"42":[0,1],"43":[0,1],"44":[0,1],"45":[1,4],"46":[0,1],"47":[0,0]},"_coverageSchema":"1a1c01bbd47fc00a2c39e90264f33305004495a9","hash":"56f7c467f2aa027de1f55d084eb09a8aa7cfd111"}
,"C:\\Users\\Bruno\\Documents\\CLASES\\Proyecto integrado final\\Logico\\functions\\src\\incidencias.js": {"path":"C:\\Users\\Bruno\\Documents\\CLASES\\Proyecto integrado final\\Logico\\functions\\src\\incidencias.js","statementMap":{"0":{"start":{"line":4,"column":35},"end":{"line":4,"column":50}},"1":{"start":{"line":9,"column":4},"end":{"line":9,"column":23}},"2":{"start":{"line":11,"column":22},"end":{"line":18,"column":1}},"3":{"start":{"line":31,"column":4},"end":{"line":31,"column":73}},"4":{"start":{"line":31,"column":19},"end":{"line":31,"column":73}},"5":{"start":{"line":32,"column":4},"end":{"line":34,"column":5}},"6":{"start":{"line":33,"column":8},"end":{"line":33,"column":100}},"7":{"start":{"line":35,"column":4},"end":{"line":37,"column":5}},"8":{"start":{"line":36,"column":8},"end":{"line":36,"column":65}},"9":{"start":{"line":39,"column":4},"end":{"line":97,"column":7}},"10":{"start":{"line":40,"column":37},"end":{"line":43,"column":9}},"11":{"start":{"line":44,"column":8},"end":{"line":44,"column":77}},"12":{"start":{"line":44,"column":28},"end":{"line":44,"column":77}},"13":{"start":{"line":45,"column":8},"end":{"line":45,"column":83}},"14":{"start":{"line":45,"column":35},"end":{"line":45,"column":83}},"15":{"start":{"line":47,"column":35},"end":{"line":52,"column":9}},"16":{"start":{"line":53,"column":21},"end":{"line":53,"column":40}},"17":{"start":{"line":56,"column":8},"end":{"line":62,"column":9}},"18":{"start":{"line":57,"column":12},"end":{"line":61,"column":13}},"19":{"start":{"line":58,"column":16},"end":{"line":60,"column":18}},"20":{"start":{"line":64,"column":34},"end":{"line":70,"column":9}},"21":{"start":{"line":72,"column":8},"end":{"line":94,"column":9}},"22":{"start":{"line":73,"column":41},"end":{"line":75,"column":13}},"23":{"start":{"line":76,"column":12},"end":{"line":85,"column":14}},"24":{"start":{"line":87,"column":12},"end":{"line":93,"column":13}},"25":{"start":{"line":88,"column":16},"end":{"line":92,"column":18}},"26":{"start":{"line":96,"column":8},"end":{"line":96,"column":26}},"27":{"start":{"line":101,"column":21},"end":{"line":108,"column":5}},"28":{"start":{"line":109,"column":4},"end":{"line":109,"column":16}},"29":{"start":{"line":112,"column":0},"end":{"line":112,"column":81}}},"fnMap":{"0":{"name":"registrarIncidencia","decl":{"start":{"line":24,"column":15},"end":{"line":24,"column":34}},"loc":{"start":{"line":30,"column":3},"end":{"line":98,"column":1}},"line":30},"1":{"name":"(anonymous_1)","decl":{"start":{"line":39,"column":27},"end":{"line":39,"column":28}},"loc":{"start":{"line":39,"column":45},"end":{"line":97,"column":5}},"line":39},"2":{"name":"listarIncidenciasPedido","decl":{"start":{"line":100,"column":15},"end":{"line":100,"column":38}},"loc":{"start":{"line":100,"column":49},"end":{"line":110,"column":1}},"line":100}},"branchMap":{"0":{"loc":{"start":{"line":28,"column":4},"end":{"line":28,"column":30}},"type":"default-arg","locations":[{"start":{"line":28,"column":26},"end":{"line":28,"column":30}}],"line":28},"1":{"loc":{"start":{"line":31,"column":4},"end":{"line":31,"column":73}},"type":"if","locations":[{"start":{"line":31,"column":4},"end":{"line":31,"column":73}},{"start":{},"end":{}}],"line":31},"2":{"loc":{"start":{"line":32,"column":4},"end":{"line":34,"column":5}},"type":"if","locations":[{"start":{"line":32,"column":4},"end":{"line":34,"column":5}},{"start":{},"end":{}}],"line":32},"3":{"loc":{"start":{"line":35,"column":4},"end":{"line":37,"column":5}},"type":"if","locations":[{"start":{"line":35,"column":4},"end":{"line":37,"column":5}},{"start":{},"end":{}}],"line":35},"4":{"loc":{"start":{"line":35,"column":8},"end":{"line":35,"column":49}},"type":"binary-expr","locations":[{"start":{"line":35,"column":8},"end":{"line":35,"column":20}},{"start":{"line":35,"column":24},"end":{"line":35,"column":49}}],"line":35},"5":{"loc":{"start":{"line":44,"column":8},"end":{"line":44,"column":77}},"type":"if","locations":[{"start":{"line":44,"column":8},"end":{"line":44,"column":77}},{"start":{},"end":{}}],"line":44},"6":{"loc":{"start":{"line":45,"column":8},"end":{"line":45,"column":83}},"type":"if","locations":[{"start":{"line":45,"column":8},"end":{"line":45,"column":83}},{"start":{},"end":{}}],"line":45},"7":{"loc":{"start":{"line":53,"column":21},"end":{"line":53,"column":40}},"type":"binary-expr","locations":[{"start":{"line":53,"column":21},"end":{"line":53,"column":32}},{"start":{"line":53,"column":36},"end":{"line":53,"column":40}}],"line":53},"8":{"loc":{"start":{"line":56,"column":8},"end":{"line":62,"column":9}},"type":"if","locations":[{"start":{"line":56,"column":8},"end":{"line":62,"column":9}},{"start":{},"end":{}}],"line":56},"9":{"loc":{"start":{"line":57,"column":12},"end":{"line":61,"column":13}},"type":"if","locations":[{"start":{"line":57,"column":12},"end":{"line":61,"column":13}},{"start":{},"end":{}}],"line":57},"10":{"loc":{"start":{"line":57,"column":16},"end":{"line":57,"column":81}},"type":"binary-expr","locations":[{"start":{"line":57,"column":16},"end":{"line":57,"column":21}},{"start":{"line":57,"column":25},"end":{"line":57,"column":81}}],"line":57},"11":{"loc":{"start":{"line":69,"column":23},"end":{"line":69,"column":44}},"type":"binary-expr","locations":[{"start":{"line":69,"column":23},"end":{"line":69,"column":36}},{"start":{"line":69,"column":40},"end":{"line":69,"column":44}}],"line":69},"12":{"loc":{"start":{"line":72,"column":8},"end":{"line":94,"column":9}},"type":"if","locations":[{"start":{"line":72,"column":8},"end":{"line":94,"column":9}},{"start":{},"end":{}}],"line":72},"13":{"loc":{"start":{"line":87,"column":12},"end":{"line":93,"column":13}},"type":"if","locations":[{"start":{"line":87,"column":12},"end":{"line":93,"column":13}},{"start":{},"end":{}}],"line":87},"14":{"loc":{"start":{"line":87,"column":16},"end":{"line":87,"column":75}},"type":"binary-expr","locations":[{"start":{"line":87,"column":16},"end":{"line":87,"column":20}},{"start":{"line":87,"column":24},"end":{"line":87,"column":75}}],"line":87}},"s":{"0":1,"1":1,"2":1,"3":3,"4":0,"5":3,"6":1,"7":2,"8":1,"9":1,"10":1,"11":1,"12":0,"13":1,"14":0,"15":1,"16":1,"17":1,"18":1,"19":0,"20":1,"21":1,"22":1,"23":1,"24":1,"25":1,"26":1,"27":0,"28":0,"29":1},"f":{"0":3,"1":1,"2":0},"b":{"0":[3],"1":[0,3],"2":[1,2],"3":[1,1],"4":[2,2],"5":[0,1],"6":[0,1],"7":[1,0],"8":[1,0],"9":[0,1],"10":[1,1],"11":[1,0],"12":[1,0],"13":[1,0],"14":[1,1]},"_coverageSchema":"1a1c01bbd47fc00a2c39e90264f33305004495a9","hash":"17a9b81a1b8ed0818a03d689868c2a062eb72703"}
,"C:\\Users\\Bruno\\Documents\\CLASES\\Proyecto integrado final\\Logico\\functions\\src\\pedidos.js": {"path":"C:\\Users\\Bruno\\Documents\\CLASES\\Proyecto integrado final\\Logico\\functions\\src\\pedidos.js","statementMap":{"0":{"start":{"line":4,"column":35},"end":{"line":4,"column":50}},"1":{"start":{"line":5,"column":43},"end":{"line":5,"column":62}},"2":{"start":{"line":8,"column":15},"end":{"line":8,"column":52}},"3":{"start":{"line":9,"column":16},"end":{"line":9,"column":68}},"4":{"start":{"line":10,"column":4},"end":{"line":10,"column":30}},"5":{"start":{"line":14,"column":25},"end":{"line":20,"column":5}},"6":{"start":{"line":21,"column":19},"end":{"line":21,"column":82}},"7":{"start":{"line":21,"column":46},"end":{"line":21,"column":81}},"8":{"start":{"line":22,"column":4},"end":{"line":24,"column":5}},"9":{"start":{"line":23,"column":8},"end":{"line":23,"column":89}},"10":{"start":{"line":25,"column":15},"end":{"line":25,"column":43}},"11":{"start":{"line":26,"column":4},"end":{"line":28,"column":5}},"12":{"start":{"line":27,"column":8},"end":{"line":27,"column":79}},"13":{"start":{"line":36,"column":4},"end":{"line":36,"column":34}},"14":{"start":{"line":38,"column":4},"end":{"line":96,"column":7}},"15":{"start":{"line":40,"column":36},"end":{"line":40,"column":77}},"16":{"start":{"line":41,"column":34},"end":{"line":44,"column":9}},"17":{"start":{"line":45,"column":8},"end":{"line":47,"column":9}},"18":{"start":{"line":46,"column":12},"end":{"line":46,"column":92}},"19":{"start":{"line":48,"column":25},"end":{"line":48,"column":45}},"20":{"start":{"line":50,"column":23},"end":{"line":50,"column":69}},"21":{"start":{"line":53,"column":25},"end":{"line":53,"column":29}},"22":{"start":{"line":54,"column":8},"end":{"line":65,"column":9}},"23":{"start":{"line":55,"column":12},"end":{"line":55,"column":53}},"24":{"start":{"line":56,"column":12},"end":{"line":58,"column":13}},"25":{"start":{"line":57,"column":16},"end":{"line":57,"column":67}},"26":{"start":{"line":59,"column":32},"end":{"line":62,"column":13}},"27":{"start":{"line":63,"column":12},"end":{"line":63,"column":72}},"28":{"start":{"line":63,"column":23},"end":{"line":63,"column":72}},"29":{"start":{"line":64,"column":12},"end":{"line":64,"column":89}},"30":{"start":{"line":64,"column":30},"end":{"line":64,"column":89}},"31":{"start":{"line":67,"column":37},"end":{"line":86,"column":9}},"32":{"start":{"line":87,"column":23},"end":{"line":87,"column":36}},"33":{"start":{"line":89,"column":8},"end":{"line":93,"column":10}},"34":{"start":{"line":95,"column":8},"end":{"line":95,"column":22}},"35":{"start":{"line":103,"column":20},"end":{"line":103,"column":22}},"36":{"start":{"line":104,"column":19},"end":{"line":104,"column":21}},"37":{"start":{"line":105,"column":4},"end":{"line":105,"column":53}},"38":{"start":{"line":105,"column":21},"end":{"line":105,"column":53}},"39":{"start":{"line":106,"column":4},"end":{"line":109,"column":5}},"40":{"start":{"line":107,"column":8},"end":{"line":107,"column":28}},"41":{"start":{"line":108,"column":8},"end":{"line":108,"column":60}},"42":{"start":{"line":110,"column":4},"end":{"line":113,"column":5}},"43":{"start":{"line":111,"column":8},"end":{"line":111,"column":33}},"44":{"start":{"line":112,"column":8},"end":{"line":112,"column":59}},"45":{"start":{"line":115,"column":4},"end":{"line":115,"column":38}},"46":{"start":{"line":116,"column":16},"end":{"line":137,"column":33}},"47":{"start":{"line":138,"column":21},"end":{"line":138,"column":45}},"48":{"start":{"line":139,"column":4},"end":{"line":139,"column":16}},"49":{"start":{"line":143,"column":21},"end":{"line":146,"column":5}},"50":{"start":{"line":147,"column":4},"end":{"line":147,"column":67}},"51":{"start":{"line":147,"column":18},"end":{"line":147,"column":67}},"52":{"start":{"line":149,"column":32},"end":{"line":158,"column":5}},"53":{"start":{"line":160,"column":4},"end":{"line":160,"column":37}},"54":{"start":{"line":163,"column":0},"end":{"line":163,"column":63}}},"fnMap":{"0":{"name":"generarCodigoPedido","decl":{"start":{"line":7,"column":9},"end":{"line":7,"column":28}},"loc":{"start":{"line":7,"column":31},"end":{"line":11,"column":1}},"line":7},"1":{"name":"validarPayloadPedido","decl":{"start":{"line":13,"column":9},"end":{"line":13,"column":29}},"loc":{"start":{"line":13,"column":33},"end":{"line":29,"column":1}},"line":13},"2":{"name":"(anonymous_2)","decl":{"start":{"line":21,"column":39},"end":{"line":21,"column":40}},"loc":{"start":{"line":21,"column":46},"end":{"line":21,"column":81}},"line":21},"3":{"name":"crearPedido","decl":{"start":{"line":35,"column":15},"end":{"line":35,"column":26}},"loc":{"start":{"line":35,"column":49},"end":{"line":97,"column":1}},"line":35},"4":{"name":"(anonymous_4)","decl":{"start":{"line":38,"column":27},"end":{"line":38,"column":28}},"loc":{"start":{"line":38,"column":45},"end":{"line":96,"column":5}},"line":38},"5":{"name":"listarPedidos","decl":{"start":{"line":102,"column":15},"end":{"line":102,"column":28}},"loc":{"start":{"line":102,"column":87},"end":{"line":140,"column":1}},"line":102},"6":{"name":"obtenerPedido","decl":{"start":{"line":142,"column":15},"end":{"line":142,"column":28}},"loc":{"start":{"line":142,"column":39},"end":{"line":161,"column":1}},"line":142}},"branchMap":{"0":{"loc":{"start":{"line":21,"column":46},"end":{"line":21,"column":81}},"type":"binary-expr","locations":[{"start":{"line":21,"column":46},"end":{"line":21,"column":51}},{"start":{"line":21,"column":55},"end":{"line":21,"column":81}}],"line":21},"1":{"loc":{"start":{"line":22,"column":4},"end":{"line":24,"column":5}},"type":"if","locations":[{"start":{"line":22,"column":4},"end":{"line":24,"column":5}},{"start":{},"end":{}}],"line":22},"2":{"loc":{"start":{"line":26,"column":4},"end":{"line":28,"column":5}},"type":"if","locations":[{"start":{"line":26,"column":4},"end":{"line":28,"column":5}},{"start":{},"end":{}}],"line":26},"3":{"loc":{"start":{"line":40,"column":36},"end":{"line":40,"column":77}},"type":"binary-expr","locations":[{"start":{"line":40,"column":36},"end":{"line":40,"column":58}},{"start":{"line":40,"column":62},"end":{"line":40,"column":77}}],"line":40},"4":{"loc":{"start":{"line":45,"column":8},"end":{"line":47,"column":9}},"type":"if","locations":[{"start":{"line":45,"column":8},"end":{"line":47,"column":9}},{"start":{},"end":{}}],"line":45},"5":{"loc":{"start":{"line":50,"column":23},"end":{"line":50,"column":69}},"type":"binary-expr","locations":[{"start":{"line":50,"column":23},"end":{"line":50,"column":44}},{"start":{"line":50,"column":48},"end":{"line":50,"column":69}}],"line":50},"6":{"loc":{"start":{"line":54,"column":8},"end":{"line":65,"column":9}},"type":"if","locations":[{"start":{"line":54,"column":8},"end":{"line":65,"column":9}},{"start":{},"end":{}}],"line":54},"7":{"loc":{"start":{"line":54,"column":12},"end":{"line":54,"column":69}},"type":"binary-expr","locations":[{"start":{"line":54,"column":12},"end":{"line":54,"column":39}},{"start":{"line":54,"column":43},"end":{"line":54,"column":69}}],"line":54},"8":{"loc":{"start":{"line":56,"column":12},"end":{"line":58,"column":13}},"type":"if","locations":[{"start":{"line":56,"column":12},"end":{"line":58,"column":13}},{"start":{},"end":{}}],"line":56},"9":{"loc":{"start":{"line":63,"column":12},"end":{"line":63,"column":72}},"type":"if","locations":[{"start":{"line":63,"column":12},"end":{"line":63,"column":72}},{"start":{},"end":{}}],"line":63},"10":{"loc":{"start":{"line":64,"column":12},"end":{"line":64,"column":89}},"type":"if","locations":[{"start":{"line":64,"column":12},"end":{"line":64,"column":89}},{"start":{},"end":{}}],"line":64},"11":{"loc":{"start":{"line":80,"column":16},"end":{"line":80,"column":71}},"type":"cond-expr","locations":[{"start":{"line":80,"column":38},"end":{"line":80,"column":64}},{"start":{"line":80,"column":67},"end":{"line":80,"column":71}}],"line":80},"12":{"loc":{"start":{"line":102,"column":52},"end":{"line":102,"column":70}},"type":"default-arg","locations":[{"start":{"line":102,"column":66},"end":{"line":102,"column":70}}],"line":102},"13":{"loc":{"start":{"line":102,"column":72},"end":{"line":102,"column":83}},"type":"default-arg","locations":[{"start":{"line":102,"column":80},"end":{"line":102,"column":83}}],"line":102},"14":{"loc":{"start":{"line":105,"column":4},"end":{"line":105,"column":53}},"type":"if","locations":[{"start":{"line":105,"column":4},"end":{"line":105,"column":53}},{"start":{},"end":{}}],"line":105},"15":{"loc":{"start":{"line":106,"column":4},"end":{"line":109,"column":5}},"type":"if","locations":[{"start":{"line":106,"column":4},"end":{"line":109,"column":5}},{"start":{},"end":{}}],"line":106},"16":{"loc":{"start":{"line":110,"column":4},"end":{"line":113,"column":5}},"type":"if","locations":[{"start":{"line":110,"column":4},"end":{"line":113,"column":5}},{"start":{},"end":{}}],"line":110},"17":{"loc":{"start":{"line":115,"column":16},"end":{"line":115,"column":36}},"type":"binary-expr","locations":[{"start":{"line":115,"column":16},"end":{"line":115,"column":29}},{"start":{"line":115,"column":33},"end":{"line":115,"column":36}}],"line":115},"18":{"loc":{"start":{"line":135,"column":11},"end":{"line":135,"column":65}},"type":"cond-expr","locations":[{"start":{"line":135,"column":28},"end":{"line":135,"column":60}},{"start":{"line":135,"column":63},"end":{"line":135,"column":65}}],"line":135},"19":{"loc":{"start":{"line":147,"column":4},"end":{"line":147,"column":67}},"type":"if","locations":[{"start":{"line":147,"column":4},"end":{"line":147,"column":67}},{"start":{},"end":{}}],"line":147}},"s":{"0":1,"1":1,"2":2,"3":2,"4":2,"5":4,"6":4,"7":20,"8":4,"9":1,"10":3,"11":3,"12":1,"13":4,"14":2,"15":2,"16":2,"17":2,"18":0,"19":2,"20":2,"21":2,"22":2,"23":0,"24":0,"25":0,"26":0,"27":0,"28":0,"29":0,"30":0,"31":2,"32":1,"33":1,"34":1,"35":0,"36":0,"37":0,"38":0,"39":0,"40":0,"41":0,"42":0,"43":0,"44":0,"45":0,"46":0,"47":0,"48":0,"49":0,"50":0,"51":0,"52":0,"53":0,"54":1},"f":{"0":2,"1":4,"2":20,"3":4,"4":2,"5":0,"6":0},"b":{"0":[20,16],"1":[1,3],"2":[1,2],"3":[2,2],"4":[0,2],"5":[2,2],"6":[0,2],"7":[2,0],"8":[0,0],"9":[0,0],"10":[0,0],"11":[0,2],"12":[0],"13":[0],"14":[0,0],"15":[0,0],"16":[0,0],"17":[0,0],"18":[0,0],"19":[0,0]},"_coverageSchema":"1a1c01bbd47fc00a2c39e90264f33305004495a9","hash":"4fc4968c3fa4ab0675b2ad622dc85fae64360dd3"}
,"C:\\Users\\Bruno\\Documents\\CLASES\\Proyecto integrado final\\Logico\\functions\\src\\rutas.js": {"path":"C:\\Users\\Bruno\\Documents\\CLASES\\Proyecto integrado final\\Logico\\functions\\src\\rutas.js","statementMap":{"0":{"start":{"line":4,"column":35},"end":{"line":4,"column":50}},"1":{"start":{"line":10,"column":4},"end":{"line":10,"column":23}},"2":{"start":{"line":13,"column":15},"end":{"line":13,"column":52}},"3":{"start":{"line":14,"column":16},"end":{"line":14,"column":68}},"4":{"start":{"line":15,"column":4},"end":{"line":15,"column":30}},"5":{"start":{"line":23,"column":21},"end":{"line":35,"column":5}},"6":{"start":{"line":36,"column":14},"end":{"line":36,"column":21}},"7":{"start":{"line":37,"column":4},"end":{"line":37,"column":64}},"8":{"start":{"line":37,"column":12},"end":{"line":37,"column":64}},"9":{"start":{"line":38,"column":4},"end":{"line":40,"column":5}},"10":{"start":{"line":39,"column":8},"end":{"line":39,"column":72}},"11":{"start":{"line":41,"column":4},"end":{"line":43,"column":5}},"12":{"start":{"line":42,"column":8},"end":{"line":42,"column":70}},"13":{"start":{"line":44,"column":4},"end":{"line":46,"column":5}},"14":{"start":{"line":45,"column":8},"end":{"line":45,"column":78}},"15":{"start":{"line":47,"column":4},"end":{"line":49,"column":5}},"16":{"start":{"line":48,"column":8},"end":{"line":48,"column":85}},"17":{"start":{"line":50,"column":4},"end":{"line":50,"column":16}},"18":{"start":{"line":58,"column":4},"end":{"line":60,"column":5}},"19":{"start":{"line":59,"column":8},"end":{"line":59,"column":78}},"20":{"start":{"line":62,"column":4},"end":{"line":136,"column":7}},"21":{"start":{"line":64,"column":37},"end":{"line":67,"column":9}},"22":{"start":{"line":68,"column":8},"end":{"line":68,"column":77}},"23":{"start":{"line":68,"column":28},"end":{"line":68,"column":77}},"24":{"start":{"line":69,"column":8},"end":{"line":71,"column":9}},"25":{"start":{"line":70,"column":12},"end":{"line":70,"column":68}},"26":{"start":{"line":74,"column":37},"end":{"line":78,"column":9}},"27":{"start":{"line":79,"column":8},"end":{"line":81,"column":9}},"28":{"start":{"line":80,"column":12},"end":{"line":80,"column":75}},"29":{"start":{"line":84,"column":35},"end":{"line":92,"column":9}},"30":{"start":{"line":93,"column":18},"end":{"line":93,"column":29}},"31":{"start":{"line":94,"column":8},"end":{"line":94,"column":68}},"32":{"start":{"line":94,"column":16},"end":{"line":94,"column":68}},"33":{"start":{"line":95,"column":8},"end":{"line":97,"column":9}},"34":{"start":{"line":96,"column":12},"end":{"line":96,"column":69}},"35":{"start":{"line":98,"column":8},"end":{"line":98,"column":77}},"36":{"start":{"line":98,"column":23},"end":{"line":98,"column":77}},"37":{"start":{"line":99,"column":8},"end":{"line":101,"column":9}},"38":{"start":{"line":100,"column":12},"end":{"line":100,"column":81}},"39":{"start":{"line":103,"column":37},"end":{"line":107,"column":9}},"40":{"start":{"line":108,"column":8},"end":{"line":110,"column":9}},"41":{"start":{"line":109,"column":12},"end":{"line":109,"column":78}},"42":{"start":{"line":113,"column":35},"end":{"line":118,"column":9}},"43":{"start":{"line":121,"column":37},"end":{"line":123,"column":9}},"44":{"start":{"line":124,"column":8},"end":{"line":133,"column":10}},"45":{"start":{"line":135,"column":8},"end":{"line":135,"column":27}},"46":{"start":{"line":144,"column":4},"end":{"line":173,"column":7}},"47":{"start":{"line":145,"column":25},"end":{"line":148,"column":9}},"48":{"start":{"line":149,"column":21},"end":{"line":149,"column":28}},"49":{"start":{"line":150,"column":8},"end":{"line":150,"column":66}},"50":{"start":{"line":150,"column":19},"end":{"line":150,"column":66}},"51":{"start":{"line":151,"column":8},"end":{"line":153,"column":9}},"52":{"start":{"line":152,"column":12},"end":{"line":152,"column":93}},"53":{"start":{"line":154,"column":8},"end":{"line":156,"column":9}},"54":{"start":{"line":155,"column":12},"end":{"line":155,"column":89}},"55":{"start":{"line":158,"column":8},"end":{"line":161,"column":10}},"56":{"start":{"line":163,"column":34},"end":{"line":165,"column":9}},"57":{"start":{"line":166,"column":8},"end":{"line":170,"column":10}},"58":{"start":{"line":172,"column":8},"end":{"line":172,"column":52}},"59":{"start":{"line":177,"column":21},"end":{"line":188,"column":5}},"60":{"start":{"line":189,"column":4},"end":{"line":189,"column":16}},"61":{"start":{"line":193,"column":21},"end":{"line":198,"column":5}},"62":{"start":{"line":199,"column":4},"end":{"line":199,"column":16}},"63":{"start":{"line":203,"column":4},"end":{"line":205,"column":5}},"64":{"start":{"line":204,"column":8},"end":{"line":204,"column":66}},"65":{"start":{"line":206,"column":21},"end":{"line":214,"column":5}},"66":{"start":{"line":215,"column":4},"end":{"line":215,"column":19}},"67":{"start":{"line":218,"column":0},"end":{"line":225,"column":2}}},"fnMap":{"0":{"name":"generarCodigoRuta","decl":{"start":{"line":12,"column":9},"end":{"line":12,"column":26}},"loc":{"start":{"line":12,"column":29},"end":{"line":16,"column":1}},"line":12},"1":{"name":"validarDisponibilidadMotorista","decl":{"start":{"line":22,"column":15},"end":{"line":22,"column":45}},"loc":{"start":{"line":22,"column":59},"end":{"line":51,"column":1}},"line":22},"2":{"name":"asignarMotorista","decl":{"start":{"line":57,"column":15},"end":{"line":57,"column":31}},"loc":{"start":{"line":57,"column":68},"end":{"line":137,"column":1}},"line":57},"3":{"name":"(anonymous_3)","decl":{"start":{"line":62,"column":27},"end":{"line":62,"column":28}},"loc":{"start":{"line":62,"column":45},"end":{"line":136,"column":5}},"line":62},"4":{"name":"iniciarRuta","decl":{"start":{"line":143,"column":15},"end":{"line":143,"column":26}},"loc":{"start":{"line":143,"column":48},"end":{"line":174,"column":1}},"line":143},"5":{"name":"(anonymous_5)","decl":{"start":{"line":144,"column":27},"end":{"line":144,"column":28}},"loc":{"start":{"line":144,"column":45},"end":{"line":173,"column":5}},"line":144},"6":{"name":"listarRutasDeMotorista","decl":{"start":{"line":176,"column":15},"end":{"line":176,"column":37}},"loc":{"start":{"line":176,"column":51},"end":{"line":190,"column":1}},"line":176},"7":{"name":"listarMotoristasDisponibles","decl":{"start":{"line":192,"column":15},"end":{"line":192,"column":42}},"loc":{"start":{"line":192,"column":45},"end":{"line":200,"column":1}},"line":192},"8":{"name":"actualizarDisponibilidad","decl":{"start":{"line":202,"column":15},"end":{"line":202,"column":39}},"loc":{"start":{"line":202,"column":69},"end":{"line":216,"column":1}},"line":202}},"branchMap":{"0":{"loc":{"start":{"line":37,"column":4},"end":{"line":37,"column":64}},"type":"if","locations":[{"start":{"line":37,"column":4},"end":{"line":37,"column":64}},{"start":{},"end":{}}],"line":37},"1":{"loc":{"start":{"line":38,"column":4},"end":{"line":40,"column":5}},"type":"if","locations":[{"start":{"line":38,"column":4},"end":{"line":40,"column":5}},{"start":{},"end":{}}],"line":38},"2":{"loc":{"start":{"line":41,"column":4},"end":{"line":43,"column":5}},"type":"if","locations":[{"start":{"line":41,"column":4},"end":{"line":43,"column":5}},{"start":{},"end":{}}],"line":41},"3":{"loc":{"start":{"line":44,"column":4},"end":{"line":46,"column":5}},"type":"if","locations":[{"start":{"line":44,"column":4},"end":{"line":46,"column":5}},{"start":{},"end":{}}],"line":44},"4":{"loc":{"start":{"line":47,"column":4},"end":{"line":49,"column":5}},"type":"if","locations":[{"start":{"line":47,"column":4},"end":{"line":49,"column":5}},{"start":{},"end":{}}],"line":47},"5":{"loc":{"start":{"line":58,"column":4},"end":{"line":60,"column":5}},"type":"if","locations":[{"start":{"line":58,"column":4},"end":{"line":60,"column":5}},{"start":{},"end":{}}],"line":58},"6":{"loc":{"start":{"line":58,"column":8},"end":{"line":58,"column":33}},"type":"binary-expr","locations":[{"start":{"line":58,"column":8},"end":{"line":58,"column":17}},{"start":{"line":58,"column":21},"end":{"line":58,"column":33}}],"line":58},"7":{"loc":{"start":{"line":68,"column":8},"end":{"line":68,"column":77}},"type":"if","locations":[{"start":{"line":68,"column":8},"end":{"line":68,"column":77}},{"start":{},"end":{}}],"line":68},"8":{"loc":{"start":{"line":69,"column":8},"end":{"line":71,"column":9}},"type":"if","locations":[{"start":{"line":69,"column":8},"end":{"line":71,"column":9}},{"start":{},"end":{}}],"line":69},"9":{"loc":{"start":{"line":79,"column":8},"end":{"line":81,"column":9}},"type":"if","locations":[{"start":{"line":79,"column":8},"end":{"line":81,"column":9}},{"start":{},"end":{}}],"line":79},"10":{"loc":{"start":{"line":94,"column":8},"end":{"line":94,"column":68}},"type":"if","locations":[{"start":{"line":94,"column":8},"end":{"line":94,"column":68}},{"start":{},"end":{}}],"line":94},"11":{"loc":{"start":{"line":95,"column":8},"end":{"line":97,"column":9}},"type":"if","locations":[{"start":{"line":95,"column":8},"end":{"line":97,"column":9}},{"start":{},"end":{}}],"line":95},"12":{"loc":{"start":{"line":98,"column":8},"end":{"line":98,"column":77}},"type":"if","locations":[{"start":{"line":98,"column":8},"end":{"line":98,"column":77}},{"start":{},"end":{}}],"line":98},"13":{"loc":{"start":{"line":99,"column":8},"end":{"line":101,"column":9}},"type":"if","locations":[{"start":{"line":99,"column":8},"end":{"line":101,"column":9}},{"start":{},"end":{}}],"line":99},"14":{"loc":{"start":{"line":108,"column":8},"end":{"line":110,"column":9}},"type":"if","locations":[{"start":{"line":108,"column":8},"end":{"line":110,"column":9}},{"start":{},"end":{}}],"line":108},"15":{"loc":{"start":{"line":150,"column":8},"end":{"line":150,"column":66}},"type":"if","locations":[{"start":{"line":150,"column":8},"end":{"line":150,"column":66}},{"start":{},"end":{}}],"line":150},"16":{"loc":{"start":{"line":151,"column":8},"end":{"line":153,"column":9}},"type":"if","locations":[{"start":{"line":151,"column":8},"end":{"line":153,"column":9}},{"start":{},"end":{}}],"line":151},"17":{"loc":{"start":{"line":151,"column":12},"end":{"line":151,"column":95}},"type":"binary-expr","locations":[{"start":{"line":151,"column":12},"end":{"line":151,"column":68}},{"start":{"line":151,"column":72},"end":{"line":151,"column":95}}],"line":151},"18":{"loc":{"start":{"line":154,"column":8},"end":{"line":156,"column":9}},"type":"if","locations":[{"start":{"line":154,"column":8},"end":{"line":156,"column":9}},{"start":{},"end":{}}],"line":154},"19":{"loc":{"start":{"line":203,"column":4},"end":{"line":205,"column":5}},"type":"if","locations":[{"start":{"line":203,"column":4},"end":{"line":205,"column":5}},{"start":{},"end":{}}],"line":203}},"s":{"0":1,"1":1,"2":1,"3":1,"4":1,"5":3,"6":3,"7":3,"8":1,"9":2,"10":1,"11":1,"12":0,"13":1,"14":1,"15":0,"16":0,"17":0,"18":6,"19":2,"20":4,"21":4,"22":4,"23":0,"24":4,"25":0,"26":4,"27":4,"28":1,"29":3,"30":3,"31":3,"32":0,"33":3,"34":1,"35":2,"36":0,"37":2,"38":0,"39":2,"40":2,"41":1,"42":1,"43":1,"44":1,"45":1,"46":0,"47":0,"48":0,"49":0,"50":0,"51":0,"52":0,"53":0,"54":0,"55":0,"56":0,"57":0,"58":0,"59":0,"60":0,"61":0,"62":0,"63":0,"64":0,"65":0,"66":0,"67":1},"f":{"0":1,"1":3,"2":6,"3":4,"4":0,"5":0,"6":0,"7":0,"8":0},"b":{"0":[1,2],"1":[1,1],"2":[0,1],"3":[1,0],"4":[0,0],"5":[2,4],"6":[6,5],"7":[0,4],"8":[0,4],"9":[1,3],"10":[0,3],"11":[1,2],"12":[0,2],"13":[0,2],"14":[1,1],"15":[0,0],"16":[0,0],"17":[0,0],"18":[0,0],"19":[0,0]},"_coverageSchema":"1a1c01bbd47fc00a2c39e90264f33305004495a9","hash":"c72d10e6f128d6c5718e9d30b6dd56f18236fec3"}
,"C:\\Users\\Bruno\\Documents\\CLASES\\Proyecto integrado final\\Logico\\functions\\src\\usuarios.js": {"path":"C:\\Users\\Bruno\\Documents\\CLASES\\Proyecto integrado final\\Logico\\functions\\src\\usuarios.js","statementMap":{"0":{"start":{"line":18,"column":15},"end":{"line":18,"column":34}},"1":{"start":{"line":19,"column":46},"end":{"line":19,"column":61}},"2":{"start":{"line":24,"column":4},"end":{"line":24,"column":31}},"3":{"start":{"line":25,"column":18},"end":{"line":25,"column":35}},"4":{"start":{"line":31,"column":4},"end":{"line":31,"column":23}},"5":{"start":{"line":36,"column":4},"end":{"line":36,"column":26}},"6":{"start":{"line":38,"column":22},"end":{"line":38,"column":57}},"7":{"start":{"line":45,"column":4},"end":{"line":45,"column":50}},"8":{"start":{"line":49,"column":4},"end":{"line":49,"column":35}},"9":{"start":{"line":53,"column":4},"end":{"line":58,"column":6}},"10":{"start":{"line":66,"column":14},"end":{"line":66,"column":39}},"11":{"start":{"line":67,"column":16},"end":{"line":67,"column":21}},"12":{"start":{"line":69,"column":4},"end":{"line":91,"column":5}},"13":{"start":{"line":70,"column":8},"end":{"line":90,"column":9}},"14":{"start":{"line":71,"column":29},"end":{"line":75,"column":13}},"15":{"start":{"line":76,"column":12},"end":{"line":87,"column":13}},"16":{"start":{"line":77,"column":16},"end":{"line":77,"column":29}},"17":{"start":{"line":78,"column":38},"end":{"line":81,"column":17}},"18":{"start":{"line":82,"column":16},"end":{"line":86,"column":18}},"19":{"start":{"line":89,"column":12},"end":{"line":89,"column":66}},"20":{"start":{"line":89,"column":58},"end":{"line":89,"column":66}},"21":{"start":{"line":93,"column":35},"end":{"line":99,"column":5}},"22":{"start":{"line":100,"column":4},"end":{"line":104,"column":5}},"23":{"start":{"line":101,"column":8},"end":{"line":103,"column":10}},"24":{"start":{"line":105,"column":17},"end":{"line":105,"column":32}},"25":{"start":{"line":106,"column":4},"end":{"line":111,"column":5}},"26":{"start":{"line":107,"column":8},"end":{"line":110,"column":10}},"27":{"start":{"line":112,"column":4},"end":{"line":112,"column":42}},"28":{"start":{"line":116,"column":4},"end":{"line":116,"column":29}},"29":{"start":{"line":116,"column":22},"end":{"line":116,"column":29}},"30":{"start":{"line":117,"column":4},"end":{"line":121,"column":5}},"31":{"start":{"line":118,"column":8},"end":{"line":118,"column":81}},"32":{"start":{"line":120,"column":8},"end":{"line":120,"column":73}},"33":{"start":{"line":125,"column":4},"end":{"line":127,"column":5}},"34":{"start":{"line":126,"column":8},"end":{"line":126,"column":89}},"35":{"start":{"line":131,"column":4},"end":{"line":131,"column":40}},"36":{"start":{"line":132,"column":16},"end":{"line":132,"column":32}},"37":{"start":{"line":133,"column":21},"end":{"line":140,"column":5}},"38":{"start":{"line":141,"column":4},"end":{"line":141,"column":27}},"39":{"start":{"line":153,"column":4},"end":{"line":153,"column":71}},"40":{"start":{"line":153,"column":17},"end":{"line":153,"column":71}},"41":{"start":{"line":156,"column":35},"end":{"line":156,"column":76}},"42":{"start":{"line":157,"column":4},"end":{"line":164,"column":5}},"43":{"start":{"line":161,"column":8},"end":{"line":163,"column":10}},"44":{"start":{"line":167,"column":4},"end":{"line":177,"column":5}},"45":{"start":{"line":168,"column":8},"end":{"line":170,"column":9}},"46":{"start":{"line":169,"column":12},"end":{"line":169,"column":92}},"47":{"start":{"line":171,"column":8},"end":{"line":173,"column":9}},"48":{"start":{"line":172,"column":12},"end":{"line":172,"column":94}},"49":{"start":{"line":174,"column":8},"end":{"line":176,"column":9}},"50":{"start":{"line":175,"column":12},"end":{"line":175,"column":99}},"51":{"start":{"line":181,"column":4},"end":{"line":190,"column":5}},"52":{"start":{"line":187,"column":8},"end":{"line":189,"column":10}},"53":{"start":{"line":205,"column":4},"end":{"line":205,"column":40}},"54":{"start":{"line":206,"column":16},"end":{"line":206,"column":32}},"55":{"start":{"line":207,"column":4},"end":{"line":207,"column":25}},"56":{"start":{"line":209,"column":20},"end":{"line":209,"column":22}},"57":{"start":{"line":210,"column":58},"end":{"line":210,"column":65}},"58":{"start":{"line":211,"column":4},"end":{"line":211,"column":77}},"59":{"start":{"line":211,"column":30},"end":{"line":211,"column":77}},"60":{"start":{"line":212,"column":4},"end":{"line":212,"column":89}},"61":{"start":{"line":212,"column":57},"end":{"line":212,"column":89}},"62":{"start":{"line":213,"column":4},"end":{"line":215,"column":5}},"63":{"start":{"line":214,"column":8},"end":{"line":214,"column":59}},"64":{"start":{"line":216,"column":4},"end":{"line":218,"column":5}},"65":{"start":{"line":217,"column":8},"end":{"line":217,"column":76}},"66":{"start":{"line":219,"column":4},"end":{"line":219,"column":70}},"67":{"start":{"line":219,"column":24},"end":{"line":219,"column":70}},"68":{"start":{"line":225,"column":17},"end":{"line":225,"column":48}},"69":{"start":{"line":227,"column":22},"end":{"line":227,"column":26}},"70":{"start":{"line":228,"column":4},"end":{"line":243,"column":5}},"71":{"start":{"line":229,"column":23},"end":{"line":234,"column":10}},"72":{"start":{"line":235,"column":8},"end":{"line":235,"column":33}},"73":{"start":{"line":239,"column":8},"end":{"line":241,"column":9}},"74":{"start":{"line":240,"column":12},"end":{"line":240,"column":77}},"75":{"start":{"line":242,"column":8},"end":{"line":242,"column":73}},"76":{"start":{"line":245,"column":4},"end":{"line":283,"column":5}},"77":{"start":{"line":246,"column":24},"end":{"line":271,"column":10}},"78":{"start":{"line":247,"column":29},"end":{"line":254,"column":13}},"79":{"start":{"line":255,"column":28},"end":{"line":255,"column":35}},"80":{"start":{"line":257,"column":12},"end":{"line":259,"column":13}},"81":{"start":{"line":258,"column":16},"end":{"line":258,"column":82}},"82":{"start":{"line":261,"column":12},"end":{"line":269,"column":15}},"83":{"start":{"line":270,"column":12},"end":{"line":270,"column":27}},"84":{"start":{"line":272,"column":8},"end":{"l
[...]
,"type":"if","locations":[{"start":{"line":174,"column":8},"end":{"line":176,"column":9}},{"start":{},"end":{}}],"line":174},"19":{"loc":{"start":{"line":181,"column":4},"end":{"line":190,"column":5}},"type":"if","locations":[{"start":{"line":181,"column":4},"end":{"line":190,"column":5}},{"start":{},"end":{}}],"line":181},"20":{"loc":{"start":{"line":182,"column":8},"end":{"line":185,"column":70}},"type":"binary-expr","locations":[{"start":{"line":182,"column":8},"end":{"line":182,"column":41}},{"start":{"line":183,"column":8},"end":{"line":183,"column":30}},{"start":{"line":184,"column":8},"end":{"line":184,"column":53}},{"start":{"line":185,"column":8},"end":{"line":185,"column":70}}],"line":182},"21":{"loc":{"start":{"line":211,"column":4},"end":{"line":211,"column":77}},"type":"if","locations":[{"start":{"line":211,"column":4},"end":{"line":211,"column":77}},{"start":{},"end":{}}],"line":211},"22":{"loc":{"start":{"line":211,"column":8},"end":{"line":211,"column":28}},"type":"binary-expr","locations":[{"start":{"line":211,"column":8},"end":{"line":211,"column":15}},{"start":{"line":211,"column":19},"end":{"line":211,"column":28}}],"line":211},"23":{"loc":{"start":{"line":212,"column":4},"end":{"line":212,"column":89}},"type":"if","locations":[{"start":{"line":212,"column":4},"end":{"line":212,"column":89}},{"start":{},"end":{}}],"line":212},"24":{"loc":{"start":{"line":212,"column":8},"end":{"line":212,"column":55}},"type":"binary-expr","locations":[{"start":{"line":212,"column":8},"end":{"line":212,"column":15}},{"start":{"line":212,"column":19},"end":{"line":212,"column":55}}],"line":212},"25":{"loc":{"start":{"line":213,"column":4},"end":{"line":215,"column":5}},"type":"if","locations":[{"start":{"line":213,"column":4},"end":{"line":215,"column":5}},{"start":{},"end":{}}],"line":213},"26":{"loc":{"start":{"line":213,"column":8},"end":{"line":213,"column":44}},"type":"binary-expr","locations":[{"start":{"line":213,"column":8},"end":{"line":213,"column":19}},{"start":{"line":213,"column":23},"end":{"line":213,"column":44}}],"line":213},"27":{"loc":{"start":{"line":216,"column":4},"end":{"line":218,"column":5}},"type":"if","locations":[{"start":{"line":216,"column":4},"end":{"line":218,"column":5}},{"start":{},"end":{}}],"line":216},"28":{"loc":{"start":{"line":219,"column":4},"end":{"line":219,"column":70}},"type":"if","locations":[{"start":{"line":219,"column":4},"end":{"line":219,"column":70}},{"start":{},"end":{}}],"line":219},"29":{"loc":{"start":{"line":239,"column":8},"end":{"line":241,"column":9}},"type":"if","locations":[{"start":{"line":239,"column":8},"end":{"line":241,"column":9}},{"start":{},"end":{}}],"line":239},"30":{"loc":{"start":{"line":257,"column":12},"end":{"line":259,"column":13}},"type":"if","locations":[{"start":{"line":257,"column":12},"end":{"line":259,"column":13}},{"start":{},"end":{}}],"line":257},"31":{"loc":{"start":{"line":272,"column":8},"end":{"line":274,"column":9}},"type":"if","locations":[{"start":{"line":272,"column":8},"end":{"line":274,"column":9}},{"start":{},"end":{}}],"line":272},"32":{"loc":{"start":{"line":278,"column":8},"end":{"line":281,"column":9}},"type":"if","locations":[{"start":{"line":278,"column":8},"end":{"line":281,"column":9}},{"start":{},"end":{}}],"line":278},"33":{"loc":{"start":{"line":295,"column":56},"end":{"line":295,"column":74}},"type":"default-arg","locations":[{"start":{"line":295,"column":69},"end":{"line":295,"column":74}}],"line":295},"34":{"loc":{"start":{"line":298,"column":4},"end":{"line":298,"column":83}},"type":"if","locations":[{"start":{"line":298,"column":4},"end":{"line":298,"column":83}},{"start":{},"end":{}}],"line":298},"35":{"loc":{"start":{"line":315,"column":8},"end":{"line":322,"column":9}},"type":"if","locations":[{"start":{"line":315,"column":8},"end":{"line":322,"column":9}},{"start":{"line":317,"column":15},"end":{"line":322,"column":9}}],"line":315},"36":{"loc":{"start":{"line":325,"column":8},"end":{"line":335,"column":9}},"type":"if","locations":[{"start":{"line":325,"column":8},"end":{"line":335,"column":9}},{"start":{},"end":{}}],"line":325},"37":{"loc":{"start":{"line":327,"column":16},"end":{"line":331,"column":17}},"type":"if","locations":[{"start":{"line":327,"column":16},"end":{"line":331,"column":17}},{"start":{"line":329,"column":23},"end":{"line":331,"column":17}}],"line":327},"38":{"loc":{"start":{"line":362,"column":12},"end":{"line":366,"column":13}},"type":"if","locations":[{"start":{"line":362,"column":12},"end":{"line":366,"column":13}},{"start":{"line":364,"column":19},"end":{"line":366,"column":13}}],"line":362},"39":{"loc":{"start":{"line":383,"column":8},"end":{"line":391,"column":9}},"type":"if","locations":[{"start":{"line":383,"column":8},"end":{"line":391,"column":9}},{"start":{},"end":{}}],"line":383},"40":{"loc":{"start":{"line":396,"column":20},"end":{"line":398,"column":46}},"type":"cond-expr","locations":[{"start":{"line":397,"column":18},"end":{"line":397,"column":43}},{"start":{"line":398,"column":18},"end":{"line":398,"column":46}}],"line":396},"41":{"loc":{"start":{"line":416,"column":4},"end":{"line":418,"column":5}},"type":"if","locations":[{"start":{"line":416,"column":4},"end":{"line":418,"column":5}},{"start":{},"end":{}}],"line":416},"42":{"loc":{"start":{"line":441,"column":8},"end":{"line":443,"column":9}},"type":"if","locations":[{"start":{"line":441,"column":8},"end":{"line":443,"column":9}},{"start":{},"end":{}}],"line":441},"43":{"loc":{"start":{"line":441,"column":12},"end":{"line":441,"column":56}},"type":"binary-expr","locations":[{"start":{"line":441,"column":12},"end":{"line":441,"column":36}},{"start":{"line":441,"column":40},"end":{"line":441,"column":56}}],"line":441},"44":{"loc":{"start":{"line":450,"column":8},"end":{"line":463,"column":9}},"type":"if","locations":[{"start":{"line":450,"column":8},"end":{"line":463,"column":9}},{"start":{},"end":{}}],"line":450},"45":{"loc":{"start":{"line":459,"column":47},"end":{"line":459,"column":67}},"type":"binary-expr","locations":[{"start":{"line":459,"column":47},"end":{"line":459,"column":60}},{"start":{"line":459,"column":64},"end":{"line":459,"column":67}}],"line":459},"46":{"loc":{"start":{"line":460,"column":38},"end":{"line":460,"column":61}},"type":"binary-expr","locations":[{"start":{"line":460,"column":38},"end":{"line":460,"column":54}},{"start":{"line":460,"column":58},"end":{"line":460,"column":61}}],"line":460},"47":{"loc":{"start":{"line":485,"column":4},"end":{"line":487,"column":5}},"type":"if","locations":[{"start":{"line":485,"column":4},"end":{"line":487,"column":5}},{"start":{},"end":{}}],"line":485},"48":{"loc":{"start":{"line":507,"column":4},"end":{"line":509,"column":5}},"type":"if","locations":[{"start":{"line":507,"column":4},"end":{"line":509,"column":5}},{"start":{},"end":{}}],"line":507},"49":{"loc":{"start":{"line":510,"column":4},"end":{"line":514,"column":5}},"type":"if","locations":[{"start":{"line":510,"column":4},"end":{"line":514,"column":5}},{"start":{},"end":{}}],"line":510},"50":{"loc":{"start":{"line":522,"column":30},"end":{"line":522,"column":50}},"type":"default-arg","locations":[{"start":{"line":522,"column":48},"end":{"line":522,"column":50}}],"line":522},"51":{"loc":{"start":{"line":527,"column":4},"end":{"line":530,"column":5}},"type":"if","locations":[{"start":{"line":527,"column":4},"end":{"line":530,"column":5}},{"start":{},"end":{}}],"line":527},"52":{"loc":{"start":{"line":531,"column":4},"end":{"line":534,"column":5}},"type":"if","locations":[{"start":{"line":531,"column":4},"end":{"line":534,"column":5}},{"start":{},"end":{}}],"line":531},"53":{"loc":{"start":{"line":531,"column":8},"end":{"line":531,"column":43}},"type":"binary-expr","locations":[{"start":{"line":531,"column":8},"end":{"line":531,"column":23}},{"start":{"line":531,"column":27},"end":{"line":531,"column":43}}],"line":531},"54":{"loc":{"start":{"line":539,"column":11},"end":{"line":539,"column":65}},"type":"cond-expr","locations":[{"start":{"line":539,"column":28},"end":{"line":539,"column":60}},{"start":{"line":539,"column":63},"end":{"line":539,"column":65}}],"line":539}},"s":{"0":1,"1":1,"2":1,"3":1,"4":1,"5":1,"6":1,"7":3,"8":10,"9":0,"10":2,"11":2,"12":2,"13":0,"14":0,"15":0,"16":0,"17":0,"18":0,"19":0,"20":0,"21":2,"22":2,"23":0,"24":2,"25":2,"26":0,"27":2,"28":2,"29":0,"30":2,"31":2,"32":0,"33":13,"34":1,"35":9,"36":9,"37":9,"38":9,"39":9,"40":0,"41":9,"42":9,"43":2,"44":7,"45":3,"46":1,"47":2,"48":1,"49":1,"50":1,"51":4,"52":1,"53":4,"54":4,"55":4,"56":3,"57":3,"58":3,"59":0,"60":3,"61":1,"62":3,"63":1,"64":3,"65":0,"66":3,"67":1,"68":2,"69":2,"70":2,"71":2,"72":2,"73":0,"74":0,"75":0,"76":2,"77":2,"78":2,"79":2,"80":2,"81":0,"82":2,"83":2,"84":2,"85":2,"86":2,"87":0,"88":0,"89":0,"90":0,"91":4,"92":4,"93":4,"94":0,"95":4,"96":4,"97":4,"98":4,"99":3,"100":3,"101":1,"102":0,"103":1,"104":1,"105":0,"106":0,"107":0,"108":0,"109":0,"110":1,"111":1,"112":2,"113":2,"114":2,"115":2,"116":2,"117":2,"118":2,"119":0,"120":2,"121":2,"122":0,"123":0,"124":0,"125":0,"126":0,"127":0,"128":0,"129":3,"130":3,"131":3,"132":3,"133":0,"134":3,"135":3,"136":3,"137":3,"138":3,"139":3,"140":1,"141":1,"142":2,"143":2,"144":2,"145":0,"146":2,"147":2,"148":2,"149":0,"150":0,"151":0,"152":0,"153":2,"154":2,"155":2,"156":0,"157":2,"158":2,"159":0,"160":0,"161":0,"162":0,"163":0,"164":0,"165":0,"166":0,"167":0,"168":0,"169":0,"170":0,"171":0,"172":0,"173":0,"174":0,"175":0,"176":0,"177":0,"178":1},"f":{"0":3,"1":10,"2":0,"3":2,"4":2,"5":13,"6":9,"7":9,"8":4,"9":2,"10":4,"11":4,"12":2,"13":2,"14":3,"15":3,"16":0,"17":0},"b":{"0":[3,0],"1":[0,2],"2":[0,0],"3":[0,0],"4":[0,0],"5":[0,0],"6":[0,2],"7":[0,2],"8":[0,2],"9":[1,12],"10":[13,13],"11":[9,0],"12":[0,9],"13":[2,7],"14":[9,9],"15":[3,4],"16":[1,2],"17":[1,1],"18":[1,0],"19":[1,3],"20":[4,2,1,1],"21":[0,3],"22":[3,3],"23":[1,2],"24":[3,3],"25":[1,2],"26":[3,3],"27":[0,3],"28":[1,2],"29":[0,0],"30":[0,2],"31":[2,0],"32":[0,0],"33":[4],"34":[0,4],"35":[0,1],"36":[0,1],"37":[0,0],"38":[2,0],"39":[0,0],"40":[0,0],"41":[0,3],"42":[0,2],"43":[2,0],"44":[0,2],"45":[0,0],"46":[0,0],"47":[0,2],"48":[0,0],"49":[0,0],"50":[0],"51":[0,0],"52":[0,0],"53":[0,0],"54":[0,0]},"_coverageSchema":"1a1c01bbd47fc00a2c39e90264f33305004495a9","hash":"924d978f368988021d9ee2df32d3d346760b9117"}
,"C:\\Users\\Bruno\\Documents\\CLASES\\Proyecto integrado final\\Logico\\functions\\tests\\helpers\\fakeDb.js": {"path":"C:\\Users\\Bruno\\Documents\\CLASES\\Proyecto integrado final\\Logico\\functions\\tests\\helpers\\fakeDb.js","statementMap":{"0":{"start":{"line":10,"column":18},"end":{"line":10,"column":20}},"1":{"start":{"line":11,"column":20},"end":{"line":11,"column":22}},"2":{"start":{"line":12,"column":21},"end":{"line":12,"column":22}},"3":{"start":{"line":13,"column":22},"end":{"line":13,"column":23}},"4":{"start":{"line":14,"column":24},"end":{"line":14,"column":25}},"5":{"start":{"line":17,"column":8},"end":{"line":17,"column":36}},"6":{"start":{"line":18,"column":8},"end":{"line":18,"column":19}},"7":{"start":{"line":22,"column":8},"end":{"line":22,"column":27}},"8":{"start":{"line":23,"column":8},"end":{"line":23,"column":29}},"9":{"start":{"line":24,"column":8},"end":{"line":24,"column":23}},"10":{"start":{"line":25,"column":8},"end":{"line":25,"column":24}},"11":{"start":{"line":26,"column":8},"end":{"line":26,"column":26}},"12":{"start":{"line":30,"column":8},"end":{"line":30,"column":29}},"13":{"start":{"line":33,"column":23},"end":{"line":57,"column":5}},"14":{"start":{"line":35,"column":12},"end":{"line":35,"column":75}},"15":{"start":{"line":36,"column":12},"end":{"line":36,"column":82}},"16":{"start":{"line":36,"column":46},"end":{"line":36,"column":59}},"17":{"start":{"line":36,"column":60},"end":{"line":36,"column":80}},"18":{"start":{"line":37,"column":12},"end":{"line":37,"column":84}},"19":{"start":{"line":37,"column":47},"end":{"line":37,"column":61}},"20":{"start":{"line":37,"column":62},"end":{"line":37,"column":82}},"21":{"start":{"line":41,"column":12},"end":{"line":41,"column":72}},"22":{"start":{"line":41,"column":50},"end":{"line":41,"column":70}},"23":{"start":{"line":42,"column":12},"end":{"line":42,"column":82}},"24":{"start":{"line":42,"column":60},"end":{"line":42,"column":80}},"25":{"start":{"line":43,"column":12},"end":{"line":43,"column":88}},"26":{"start":{"line":43,"column":66},"end":{"line":43,"column":86}},"27":{"start":{"line":44,"column":12},"end":{"line":44,"column":88}},"28":{"start":{"line":44,"column":49},"end":{"line":44,"column":65}},"29":{"start":{"line":44,"column":66},"end":{"line":44,"column":86}},"30":{"start":{"line":45,"column":22},"end":{"line":45,"column":39}},"31":{"start":{"line":46,"column":12},"end":{"line":46,"column":44}},"32":{"start":{"line":46,"column":36},"end":{"line":46,"column":44}},"33":{"start":{"line":47,"column":25},"end":{"line":47,"column":32}},"34":{"start":{"line":48,"column":28},"end":{"line":48,"column":59}},"35":{"start":{"line":49,"column":27},"end":{"line":49,"column":38}},"36":{"start":{"line":50,"column":12},"end":{"line":53,"column":13}},"37":{"start":{"line":52,"column":16},"end":{"line":52,"column":51}},"38":{"start":{"line":54,"column":12},"end":{"line":54,"column":38}},"39":{"start":{"line":59,"column":16},"end":{"line":86,"column":5}},"40":{"start":{"line":63,"column":29},"end":{"line":63,"column":53}},"41":{"start":{"line":65,"column":12},"end":{"line":65,"column":49}},"42":{"start":{"line":68,"column":12},"end":{"line":68,"column":25}},"43":{"start":{"line":69,"column":12},"end":{"line":76,"column":13}},"44":{"start":{"line":70,"column":26},"end":{"line":70,"column":48}},"45":{"start":{"line":71,"column":16},"end":{"line":71,"column":30}},"46":{"start":{"line":72,"column":16},"end":{"line":72,"column":25}},"47":{"start":{"line":74,"column":16},"end":{"line":74,"column":32}},"48":{"start":{"line":75,"column":16},"end":{"line":75,"column":24}},"49":{"start":{"line":79,"column":12},"end":{"line":79,"column":36}},"50":{"start":{"line":81,"column":40},"end":{"line":81,"column":69}},"51":{"start":{"line":82,"column":24},"end":{"line":82,"column":39}},"52":{"start":{"line":83,"column":27},"end":{"line":83,"column":45}},"53":{"start":{"line":84,"column":28},"end":{"line":84,"column":47}},"54":{"start":{"line":85,"column":30},"end":{"line":85,"column":51}},"55":{"start":{"line":87,"column":4},"end":{"line":87,"column":15}},"56":{"start":{"line":90,"column":0},"end":{"line":90,"column":34}}},"fnMap":{"0":{"name":"createFakeDb","decl":{"start":{"line":9,"column":9},"end":{"line":9,"column":21}},"loc":{"start":{"line":9,"column":24},"end":{"line":88,"column":1}},"line":9},"1":{"name":"next","decl":{"start":{"line":16,"column":13},"end":{"line":16,"column":17}},"loc":{"start":{"line":16,"column":31},"end":{"line":19,"column":5}},"line":16},"2":{"name":"reset","decl":{"start":{"line":21,"column":13},"end":{"line":21,"column":18}},"loc":{"start":{"line":21,"column":21},"end":{"line":27,"column":5}},"line":21},"3":{"name":"clearPendingResponses","decl":{"start":{"line":29,"column":13},"end":{"line":29,"column":34}},"loc":{"start":{"line":29,"column":37},"end":{"line":31,"column":5}},"line":29},"4":{"name":"(anonymous_4)","decl":{"start":{"line":34,"column":8},"end":{"line":34,"column":9}},"loc":{"start":{"line":34,"column":33},"end":{"line":55,"column":9}},"line":34},"5":{"name":"(anonymous_5)","decl":{"start":{"line":56,"column":8},"end":{"line":56,"column":9}},"loc":{"start":{"line":56,"column":18},"end":{"line":56,"column":32}},"line":56},"6":{"name":"(anonymous_6)","decl":{"start":{"line":63,"column":8},"end":{"line":63,"column":9}},"loc":{"start":{"line":63,"column":27},"end":{"line":63,"column":55}},"line":63},"7":{"name":"(anonymous_7)","decl":{"start":{"line":64,"column":8},"end":{"line":64,"column":9}},"loc":{"start":{"line":64,"column":33},"end":{"line":66,"column":9}},"line":64},"8":{"name":"(anonymous_8)","decl":{"start":{"line":67,"column":8},"end":{"line":67,"column":9}},"loc":{"start":{"line":67,"column":36},"end":{"line":77,"column":9}},"line":67},"9":{"name":"(anonymous_9)","decl":{"start":{"line":78,"column":8},"end":{"line":78,"column":9}},"loc":{"start":{"line":78,"column":31},"end":{"line":80,"column":9}},"line":78},"10":{"name":"(anonymous_10)","decl":{"start":{"line":81,"column":23},"end":{"line":81,"column":24}},"loc":{"start":{"line":81,"column":40},"end":{"line":81,"column":69}},"line":81},"11":{"name":"(anonymous_11)","decl":{"start":{"line":82,"column":8},"end":{"line":82,"column":9}},"loc":{"start":{"line":82,"column":22},"end":{"line":82,"column":41}},"line":82},"12":{"name":"(anonymous_12)","decl":{"start":{"line":83,"column":8},"end":{"line":83,"column":9}},"loc":{"start":{"line":83,"column":25},"end":{"line":83,"column":47}},"line":83},"13":{"name":"(anonymous_13)","decl":{"start":{"line":84,"column":8},"end":{"line":84,"column":9}},"loc":{"start":{"line":84,"column":26},"end":{"line":84,"column":49}},"line":84},"14":{"name":"(anonymous_14)","decl":{"start":{"line":85,"column":8},"end":{"line":85,"column":9}},"loc":{"start":{"line":85,"column":28},"end":{"line":85,"column":53}},"line":85}},"branchMap":{"0":{"loc":{"start":{"line":36,"column":12},"end":{"line":36,"column":82}},"type":"if","locations":[{"start":{"line":36,"column":12},"end":{"line":36,"column":82}},{"start":{},"end":{}}],"line":36},"1":{"loc":{"start":{"line":37,"column":12},"end":{"line":37,"column":84}},"type":"if","locations":[{"start":{"line":37,"column":12},"end":{"line":37,"column":84}},{"start":{},"end":{}}],"line":37},"2":{"loc":{"start":{"line":41,"column":12},"end":{"line":41,"column":72}},"type":"if","locations":[{"start":{"line":41,"column":12},"end":{"line":41,"column":72}},{"start":{},"end":{}}],"line":41},"3":{"loc":{"start":{"line":42,"column":12},"end":{"line":42,"column":82}},"type":"if","locations":[{"start":{"line":42,"column":12},"end":{"line":42,"column":82}},{"start":{},"end":{}}],"line":42},"4":{"loc":{"start":{"line":43,"column":12},"end":{"line":43,"column":88}},"type":"if","locations":[{"start":{"line":43,"column":12},"end":{"line":43,"column":88}},{"start":{},"end":{}}],"line":43},"5":{"loc":{"start":{"line":44,"column":12},"end":{"line":44,"column":88}},"type":"if","locations":[{"start":{"line":44,"column":12},"end":{"line":44,"column":88}},{"start":{},"end":{}}],"line":44},"6":{"loc":{"start":{"line":46,"column":12},"end":{"line":46,"column":44}},"type":"if","locations":[{"start":{"line":46,"column":12},"end":{"line":46,"column":44}},{"start":{},"end":{}}],"line":46},"7":{"loc":{"start":{"line":47,"column":25},"end":{"line":47,"column":32}},"type":"binary-expr","locations":[{"start":{"line":47,"column":25},"end":{"line":47,"column":26}},{"start":{"line":47,"column":30},"end":{"line":47,"column":32}}],"line":47},"8":{"loc":{"start":{"line":50,"column":12},"end":{"line":53,"column":13}},"type":"if","locations":[{"start":{"line":50,"column":12},"end":{"line":53,"column":13}},{"start":{},"end":{}}],"line":50},"9":{"loc":{"start":{"line":52,"column":27},"end":{"line":52,"column":50}},"type":"cond-expr","locations":[{"start":{"line":52,"column":45},"end":{"line":52,"column":46}},{"start":{"line":52,"column":49},"end":{"line":52,"column":50}}],"line":52}},"s":{"0":6,"1":6,"2":6,"3":6,"4":6,"5":76,"6":76,"7":38,"8":38,"9":38,"10":38,"11":38,"12":3,"13":6,"14":92,"15":92,"16":0,"17":0,"18":92,"19":0,"20":0,"21":92,"22":8,"23":84,"24":8,"25":76,"26":0,"27":76,"28":0,"29":0,"30":76,"31":76,"32":1,"33":75,"34":75,"35":75,"36":75,"37":7,"38":75,"39":6,"40":0,"41":3,"42":22,"43":22,"44":22,"45":10,"46":10,"47":12,"48":12,"49":3,"50":6,"51":2,"52":2,"53":6,"54":4,"55":6,"56":6},"f":{"0":6,"1":76,"2":38,"3":3,"4":92,"5":0,"6":0,"7":3,"8":22,"9":3,"10":6,"11":2,"12":2,"13":6,"14":4},"b":{"0":[0,92],"1":[0,92],"2":[8,84],"3":[8,76],"4":[0,76],"5":[0,76],"6":[1,75],"7":[75,0],"8":[7,68],"9":[0,7]},"_coverageSchema":"1a1c01bbd47fc00a2c39e90264f33305004495a9","hash":"3b123422b2268d5b6c11d8de57b69668ab741d50"}
}
