TN:
SF:src\auditoria.js
FN:50,extraerIp
FN:66,registrarAuditoria
FN:122,registrarIntentoBloqueado
FN:137,listarAuditoria
FNF:4
FNH:3
FNDA:14,extraerIp
FNDA:14,registrarAuditoria
FNDA:6,registrarIntentoBloqueado
FNDA:0,listarAuditoria
DA:9,2
DA:11,2
DA:51,14
DA:52,0
DA:53,0
DA:54,0
DA:55,0
DA:56,0
DA:57,0
DA:59,0
DA:60,0
DA:62,0
DA:63,0
DA:76,14
DA:78,14
DA:82,14
DA:87,14
DA:97,14
DA:103,14
DA:104,14
DA:105,14
DA:106,14
DA:107,14
DA:108,14
DA:110,0
DA:111,0
DA:112,0
DA:115,0
DA:123,6
DA:138,0
DA:139,0
DA:140,0
DA:141,0
DA:142,0
DA:144,0
DA:145,0
DA:146,0
DA:148,0
DA:149,0
DA:150,0
DA:152,0
DA:154,0
DA:172,0
DA:173,0
DA:176,2
LF:45
LH:16
BRDA:51,0,0,14
BRDA:51,0,1,0
BRDA:52,1,0,0
BRDA:52,1,1,0
BRDA:54,2,0,0
BRDA:54,2,1,0
BRDA:55,3,0,0
BRDA:55,3,1,0
BRDA:56,4,0,0
BRDA:56,4,1,0
BRDA:59,5,0,0
BRDA:59,5,1,0
BRDA:62,6,0,0
BRDA:62,6,1,0
BRDA:63,7,0,0
BRDA:63,7,1,0
BRDA:68,8,0,0
BRDA:70,9,0,0
BRDA:71,10,0,0
BRDA:72,11,0,0
BRDA:73,12,0,8
BRDA:74,13,0,14
BRDA:78,14,0,0
BRDA:78,14,1,14
BRDA:80,15,0,6
BRDA:80,15,1,8
BRDA:88,16,0,14
BRDA:88,16,1,0
BRDA:97,17,0,14
BRDA:97,17,1,6
BRDA:105,18,0,8
BRDA:105,18,1,6
BRDA:107,19,0,8
BRDA:107,19,1,6
BRDA:108,20,0,14
BRDA:108,20,1,0
BRDA:111,21,0,0
BRDA:111,21,1,0
BRDA:137,22,0,0
BRDA:137,23,0,0
BRDA:140,24,0,0
BRDA:140,24,1,0
BRDA:144,25,0,0
BRDA:144,25,1,0
BRDA:148,26,0,0
BRDA:148,26,1,0
BRDA:148,27,0,0
BRDA:148,27,1,0
BRDA:152,28,0,0
BRDA:152,28,1,0
BRDA:168,29,0,0
BRDA:168,29,1,0
BRF:52
BRH:14
end_of_record
TN:
SF:src\errors.js
FN:5,(anonymous_0)
FN:13,(anonymous_1)
FN:16,(anonymous_2)
FN:19,(anonymous_3)
FN:22,(anonymous_4)
FN:28,errorHandler
FNF:6
FNH:5
FNDA:26,(anonymous_0)
FNDA:12,(anonymous_1)
FNDA:2,(anonymous_2)
FNDA:2,(anonymous_3)
FNDA:10,(anonymous_4)
FNDA:0,errorHandler
DA:6,26
DA:7,26
DA:8,26
DA:13,12
DA:16,2
DA:19,2
DA:22,10
DA:29,0
DA:30,0
DA:36,0
DA:37,0
DA:38,0
DA:42,0
DA:47,0
DA:48,0
DA:53,0
DA:54,0
DA:59,0
DA:61,0
DA:63,0
DA:64,0
DA:65,0
DA:73,0
DA:74,0
DA:77,6
LF:25
LH:8
BRDA:16,0,0,0
BRDA:29,1,0,0
BRDA:29,1,1,0
BRDA:36,2,0,0
BRDA:36,2,1,0
BRDA:37,3,0,0
BRDA:37,3,1,0
BRDA:38,4,0,0
BRDA:38,4,1,0
BRDA:38,5,0,0
BRDA:38,5,1,0
BRDA:38,6,0,0
BRDA:38,6,1,0
BRDA:38,6,2,0
BRDA:39,7,0,0
BRDA:39,7,1,0
BRDA:47,8,0,0
BRDA:47,8,1,0
BRDA:53,9,0,0
BRDA:53,9,1,0
BRDA:59,10,0,0
BRDA:59,10,1,0
BRDA:63,11,0,0
BRDA:63,11,1,0
BRDA:64,12,0,0
BRDA:64,12,1,0
BRDA:66,13,0,0
BRDA:66,13,1,0
BRF:28
BRH:0
end_of_record
TN:
SF:src\estados.js
FN:34,cambiarEstadoPedido
FN:39,(anonymous_1)
FN:110,registrarEntrega
FNF:3
FNH:2
FNDA:4,cambiarEstadoPedido
FNDA:3,(anonymous_1)
FNDA:0,registrarEntrega
DA:4,1
DA:9,1
DA:11,1
DA:21,1
DA:35,4
DA:36,1
DA:39,3
DA:40,3
DA:48,3
DA:49,3
DA:50,3
DA:51,0
DA:54,3
DA:55,3
DA:56,1
DA:63,2
DA:64,2
DA:70,2
DA:71,1
DA:77,1
DA:81,1
DA:83,1
DA:91,1
DA:92,1
DA:102,1
DA:111,0
DA:119,1
LF:27
LH:25
BRDA:35,0,0,1
BRDA:35,0,1,3
BRDA:49,1,0,0
BRDA:49,1,1,3
BRDA:50,2,0,0
BRDA:50,2,1,3
BRDA:54,3,0,3
BRDA:54,3,1,0
BRDA:55,4,0,1
BRDA:55,4,1,2
BRDA:58,5,0,1
BRDA:58,5,1,1
BRDA:63,6,0,2
BRDA:63,6,1,0
BRDA:70,7,0,1
BRDA:70,7,1,1
BRDA:70,8,0,2
BRDA:70,8,1,2
BRDA:87,9,0,1
BRDA:87,9,1,0
BRDA:91,10,0,1
BRDA:91,10,1,0
BRDA:114,11,0,0
BRDA:114,11,1,0
BRF:24
BRH:16
end_of_record
TN:
SF:src\farmacias.js
FN:36,validarPayload
FN:61,crearFarmacia
FN:64,(anonymous_2)
FN:102,listarFarmacias
FN:160,obtenerFarmacia
FN:169,actualizarFarmacia
FN:172,(anonymous_6)
FN:222,desactivarFarmacia
FN:223,(anonymous_8)
FN:250,activarFarmacia
FN:251,(anonymous_10)
FNF:11
FNH:7
FNDA:5,validarPayload
FNDA:3,crearFarmacia
FNDA:1,(anonymous_2)
FNDA:0,listarFarmacias
FNDA:0,obtenerFarmacia
FNDA:2,actualizarFarmacia
FNDA:2,(anonymous_6)
FNDA:1,desactivarFarmacia
FNDA:1,(anonymous_8)
FNDA:0,activarFarmacia
FNDA:0,(anonymous_10)
DA:12,1
DA:13,1
DA:14,1
DA:15,1
DA:17,1
DA:37,5
DA:39,5
DA:40,3
DA:41,3
DA:42,3
DA:45,5
DA:46,5
DA:47,5
DA:49,5
DA:50,2
DA:51,2
DA:52,0
DA:53,2
DA:54,1
DA:58,5
DA:62,3
DA:64,1
DA:65,1
DA:79,1
DA:83,1
DA:85,1
DA:98,1
DA:103,0
DA:104,0
DA:106,0
DA:107,0
DA:108,0
DA:109,0
DA:110,0
DA:111,0
DA:114,0
DA:115,0
DA:116,0
DA:117,0
DA:118,0
DA:121,0
DA:122,0
DA:123,0
DA:124,0
DA:125,0
DA:129,0
DA:135,0
DA:138,0
DA:141,0
DA:142,0
DA:143,0
DA:144,0
DA:145,0
DA:146,0
DA:147,0
DA:157,0
DA:161,0
DA:165,0
DA:166,0
DA:170,2
DA:172,2
DA:173,2
DA:177,2
DA:179,1
DA:197,1
DA:201,1
DA:203,1
DA:204,1
DA:205,5
DA:206,1
DA:209,1
DA:218,1
DA:223,1
DA:224,1
DA:230,1
DA:232,1
DA:242,1
DA:246,1
DA:251,0
DA:252,0
DA:258,0
DA:260,0
DA:270,0
DA:274,0
DA:278,1
LF:85
LH:46
BRDA:36,0,0,3
BRDA:36,1,0,3
BRDA:39,2,0,3
BRDA:39,2,1,2
BRDA:40,3,0,0
BRDA:40,3,1,3
BRDA:40,4,0,3
BRDA:40,4,1,3
BRDA:41,5,0,1
BRDA:41,5,1,2
BRDA:41,6,0,3
BRDA:41,6,1,2
BRDA:42,7,0,1
BRDA:42,7,1,2
BRDA:42,8,0,3
BRDA:42,8,1,2
BRDA:45,9,0,0
BRDA:45,9,1,5
BRDA:45,10,0,5
BRDA:45,10,1,5
BRDA:46,11,0,0
BRDA:46,11,1,5
BRDA:46,12,0,5
BRDA:46,12,1,2
BRDA:47,13,0,0
BRDA:47,13,1,5
BRDA:47,14,0,5
BRDA:47,14,1,0
BRDA:49,15,0,2
BRDA:49,15,1,3
BRDA:49,16,0,5
BRDA:49,16,1,2
BRDA:51,17,0,0
BRDA:51,17,1,2
BRDA:53,18,0,1
BRDA:53,18,1,1
BRDA:58,19,0,2
BRDA:58,19,1,3
BRDA:72,20,0,0
BRDA:72,20,1,1
BRDA:102,21,0,0
BRDA:102,22,0,0
BRDA:106,23,0,0
BRDA:106,23,1,0
BRDA:107,24,0,0
BRDA:107,24,1,0
BRDA:107,25,0,0
BRDA:107,25,1,0
BRDA:109,26,0,0
BRDA:109,26,1,0
BRDA:114,27,0,0
BRDA:114,27,1,0
BRDA:114,28,0,0
BRDA:114,28,1,0
BRDA:116,29,0,0
BRDA:116,29,1,0
BRDA:121,30,0,0
BRDA:121,30,1,0
BRDA:121,31,0,0
BRDA:121,31,1,0
BRDA:123,32,0,0
BRDA:123,32,1,0
BRDA:130,33,0,0
BRDA:130,33,1,0
BRDA:138,34,0,0
BRDA:138,34,1,0
BRDA:138,34,2,0
BRDA:138,34,3,0
BRDA:138,34,4,0
BRDA:138,34,5,0
BRDA:141,35,0,0
BRDA:141,35,1,0
BRDA:143,36,0,0
BRDA:143,36,1,0
BRDA:146,37,0,0
BRDA:146,37,1,0
BRDA:146,38,0,0
BRDA:146,38,1,0
BRDA:165,39,0,0
BRDA:165,39,1,0
BRDA:177,40,0,1
BRDA:177,40,1,1
BRDA:189,41,0,1
BRDA:189,41,1,0
BRDA:190,42,0,0
BRDA:190,42,1,1
BRDA:191,43,0,0
BRDA:191,43,1,1
BRDA:192,44,0,0
BRDA:192,44,1,1
BRDA:205,45,0,1
BRDA:205,45,1,4
BRDA:230,46,0,0
BRDA:230,46,1,1
BRDA:258,47,0,0
BRDA:258,47,1,0
BRF:96
BRH:42
end_of_record
TN:
SF:src\incidencias.js
FN:24,registrarIncidencia
FN:39,(anonymous_1)
FN:100,listarIncidenciasPedido
FNF:3
FNH:2
FNDA:3,registrarIncidencia
FNDA:1,(anonymous_1)
FNDA:0,listarIncidenciasPedido
DA:4,1
DA:9,1
DA:11,1
DA:31,3
DA:32,3
DA:33,1
DA:35,2
DA:36,1
DA:39,1
DA:40,1
DA:44,1
DA:45,1
DA:47,1
DA:53,1
DA:56,1
DA:57,1
DA:58,0
DA:64,1
DA:72,1
DA:73,1
DA:76,1
DA:87,1
DA:88,1
DA:96,1
DA:101,0
DA:109,0
DA:112,1
LF:27
LH:24
BRDA:28,0,0,3
BRDA:31,1,0,0
BRDA:31,1,1,3
BRDA:32,2,0,1
BRDA:32,2,1,2
BRDA:35,3,0,1
BRDA:35,3,1,1
BRDA:35,4,0,2
BRDA:35,4,1,2
BRDA:44,5,0,0
BRDA:44,5,1,1
BRDA:45,6,0,0
BRDA:45,6,1,1
BRDA:53,7,0,1
BRDA:53,7,1,0
BRDA:56,8,0,1
BRDA:56,8,1,0
BRDA:57,9,0,0
BRDA:57,9,1,1
BRDA:57,10,0,1
BRDA:57,10,1,1
BRDA:69,11,0,1
BRDA:69,11,1,0
BRDA:72,12,0,1
BRDA:72,12,1,0
BRDA:87,13,0,1
BRDA:87,13,1,0
BRDA:87,14,0,1
BRDA:87,14,1,1
BRF:29
BRH:20
end_of_record
TN:
SF:src\pedidos.js
FN:7,generarCodigoPedido
FN:13,validarPayloadPedido
FN:21,(anonymous_2)
FN:35,crearPedido
FN:38,(anonymous_4)
FN:102,listarPedidos
FN:142,obtenerPedido
FNF:7
FNH:5
FNDA:2,generarCodigoPedido
FNDA:4,validarPayloadPedido
FNDA:20,(anonymous_2)
FNDA:4,crearPedido
FNDA:2,(anonymous_4)
FNDA:0,listarPedidos
FNDA:0,obtenerPedido
DA:4,1
DA:5,1
DA:8,2
DA:9,2
DA:10,2
DA:14,4
DA:21,20
DA:22,4
DA:23,1
DA:25,3
DA:26,3
DA:27,1
DA:36,4
DA:38,2
DA:40,2
DA:41,2
DA:45,2
DA:46,0
DA:48,2
DA:50,2
DA:53,2
DA:54,2
DA:55,0
DA:56,0
DA:57,0
DA:59,0
DA:63,0
DA:64,0
DA:67,2
DA:87,1
DA:89,1
DA:95,1
DA:103,0
DA:104,0
DA:105,0
DA:106,0
DA:107,0
DA:108,0
DA:110,0
DA:111,0
DA:112,0
DA:115,0
DA:116,0
DA:138,0
DA:139,0
DA:143,0
DA:147,0
DA:149,0
DA:160,0
DA:163,1
LF:50
LH:26
BRDA:21,0,0,20
BRDA:21,0,1,16
BRDA:22,1,0,1
BRDA:22,1,1,3
BRDA:26,2,0,1
BRDA:26,2,1,2
BRDA:40,3,0,2
BRDA:40,3,1,2
BRDA:45,4,0,0
BRDA:45,4,1,2
BRDA:50,5,0,2
BRDA:50,5,1,2
BRDA:54,6,0,0
BRDA:54,6,1,2
BRDA:54,7,0,2
BRDA:54,7,1,0
BRDA:56,8,0,0
BRDA:56,8,1,0
BRDA:63,9,0,0
BRDA:63,9,1,0
BRDA:64,10,0,0
BRDA:64,10,1,0
BRDA:80,11,0,0
BRDA:80,11,1,2
BRDA:102,12,0,0
BRDA:102,13,0,0
BRDA:105,14,0,0
BRDA:105,14,1,0
BRDA:106,15,0,0
BRDA:106,15,1,0
BRDA:110,16,0,0
BRDA:110,16,1,0
BRDA:115,17,0,0
BRDA:115,17,1,0
BRDA:135,18,0,0
BRDA:135,18,1,0
BRDA:147,19,0,0
BRDA:147,19,1,0
BRF:38
BRH:14
end_of_record
TN:
SF:src\rutas.js
FN:12,generarCodigoRuta
FN:22,validarDisponibilidadMotorista
FN:57,asignarMotorista
FN:62,(anonymous_3)
FN:143,iniciarRuta
FN:144,(anonymous_5)
FN:176,listarRutasDeMotorista
FN:192,listarMotoristasDisponibles
FN:202,actualizarDisponibilidad
FNF:9
FNH:4
FNDA:1,generarCodigoRuta
FNDA:3,validarDisponibilidadMotorista
FNDA:6,asignarMotorista
FNDA:4,(anonymous_3)
FNDA:0,iniciarRuta
FNDA:0,(anonymous_5)
FNDA:0,listarRutasDeMotorista
FNDA:0,listarMotoristasDisponibles
FNDA:0,actualizarDisponibilidad
DA:4,1
DA:10,1
DA:13,1
DA:14,1
DA:15,1
DA:23,3
DA:36,3
DA:37,3
DA:38,2
DA:39,1
DA:41,1
DA:42,0
DA:44,1
DA:45,1
DA:47,0
DA:48,0
DA:50,0
DA:58,6
DA:59,2
DA:62,4
DA:64,4
DA:68,4
DA:69,4
DA:70,0
DA:74,4
DA:79,4
DA:80,1
DA:84,3
DA:93,3
DA:94,3
DA:95,3
DA:96,1
DA:98,2
DA:99,2
DA:100,0
DA:103,2
DA:108,2
DA:109,1
DA:113,1
DA:121,1
DA:124,1
DA:135,1
DA:144,0
DA:145,0
DA:149,0
DA:150,0
DA:151,0
DA:152,0
DA:154,0
DA:155,0
DA:158,0
DA:163,0
DA:166,0
DA:172,0
DA:177,0
DA:189,0
DA:193,0
DA:199,0
DA:203,0
DA:204,0
DA:206,0
DA:215,0
DA:218,1
LF:63
LH:37
BRDA:37,0,0,1
BRDA:37,0,1,2
BRDA:38,1,0,1
BRDA:38,1,1,1
BRDA:41,2,0,0
BRDA:41,2,1,1
BRDA:44,3,0,1
BRDA:44,3,1,0
BRDA:47,4,0,0
BRDA:47,4,1,0
BRDA:58,5,0,2
BRDA:58,5,1,4
BRDA:58,6,0,6
BRDA:58,6,1,5
BRDA:68,7,0,0
BRDA:68,7,1,4
BRDA:69,8,0,0
BRDA:69,8,1,4
BRDA:79,9,0,1
BRDA:79,9,1,3
BRDA:94,10,0,0
BRDA:94,10,1,3
BRDA:95,11,0,1
BRDA:95,11,1,2
BRDA:98,12,0,0
BRDA:98,12,1,2
BRDA:99,13,0,0
BRDA:99,13,1,2
BRDA:108,14,0,1
BRDA:108,14,1,1
BRDA:150,15,0,0
BRDA:150,15,1,0
BRDA:151,16,0,0
BRDA:151,16,1,0
BRDA:151,17,0,0
BRDA:151,17,1,0
BRDA:154,18,0,0
BRDA:154,18,1,0
BRDA:203,19,0,0
BRDA:203,19,1,0
BRF:40
BRH:21
end_of_record
TN:
SF:src\usuarios.js
FN:44,normalizarRol
FN:48,mismoId
FN:52,asegurarDisponibilidadMotorista
FN:65,persistirCambioRol
FN:115,syncRolFirebaseAuth
FN:124,asegurarAdmin
FN:130,obtenerUsuarioPlano
FN:152,aplicarJerarquia
FN:204,crearUsuario
FN:246,(anonymous_9)
FN:295,eliminarUsuario
FN:300,(anonymous_11)
FN:355,setActivoUsuario
FN:359,(anonymous_13)
FN:412,cambiarRolUsuario
FN:423,(anonymous_15)
FN:500,validarAdminPrincipal
FN:522,listarUsuarios
FNF:18
FNH:15
FNDA:3,normalizarRol
FNDA:10,mismoId
FNDA:0,asegurarDisponibilidadMotorista
FNDA:2,persistirCambioRol
FNDA:2,syncRolFirebaseAuth
FNDA:13,asegurarAdmin
FNDA:9,obtenerUsuarioPlano
FNDA:9,aplicarJerarquia
FNDA:4,crearUsuario
FNDA:2,(anonymous_9)
FNDA:4,eliminarUsuario
FNDA:4,(anonymous_11)
FNDA:2,setActivoUsuario
FNDA:2,(anonymous_13)
FNDA:3,cambiarRolUsuario
FNDA:3,(anonymous_15)
FNDA:0,validarAdminPrincipal
FNDA:0,listarUsuarios
DA:18,1
DA:19,1
DA:24,1
DA:25,1
DA:31,1
DA:36,1
DA:38,1
DA:45,3
DA:49,10
DA:53,0
DA:66,2
DA:67,2
DA:69,2
DA:70,0
DA:71,0
DA:76,0
DA:77,0
DA:78,0
DA:82,0
DA:89,0
DA:93,2
DA:100,2
DA:101,0
DA:105,2
DA:106,2
DA:107,0
DA:112,2
DA:116,2
DA:117,2
DA:118,2
DA:120,0
DA:125,13
DA:126,1
DA:131,9
DA:132,9
DA:133,9
DA:141,9
DA:153,9
DA:156,9
DA:157,9
DA:161,2
DA:167,7
DA:168,3
DA:169,1
DA:171,2
DA:172,1
DA:174,1
DA:175,1
DA:181,4
DA:187,1
DA:205,4
DA:206,4
DA:207,4
DA:209,3
DA:210,3
DA:211,3
DA:212,3
DA:213,3
DA:214,1
DA:216,3
DA:217,0
DA:219,3
DA:225,2
DA:227,2
DA:228,2
DA:229,2
DA:235,2
DA:239,0
DA:240,0
DA:242,0
DA:245,2
DA:246,2
DA:247,2
DA:255,2
DA:257,2
DA:258,0
DA:261,2
DA:270,2
DA:272,2
DA:273,2
DA:275,2
DA:278,0
DA:279,0
DA:282,0
DA:296,4
DA:297,4
DA:298,4
DA:300,4
DA:301,4
DA:302,4
DA:303,4
DA:305,3
DA:312,3
DA:315,1
DA:316,0
DA:318,1
DA:325,1
DA:326,0
DA:327,0
DA:328,0
DA:330,0
DA:333,0
DA:337,1
DA:347,1
DA:356,2
DA:357,2
DA:359,2
DA:360,2
DA:361,2
DA:362,2
DA:363,2
DA:365,0
DA:368,2
DA:375,2
DA:378,0
DA:383,0
DA:384,0
DA:385,0
DA:389,0
DA:393,0
DA:404,0
DA:413,3
DA:414,3
DA:415,3
DA:416,3
DA:417,0
DA:420,3
DA:421,3
DA:423,3
DA:424,3
DA:425,3
DA:426,3
DA:428,1
DA:435,1
DA:438,2
DA:439,2
DA:441,2
DA:442,0
DA:445,2
DA:449,2
DA:450,2
DA:451,0
DA:452,0
DA:455,0
DA:458,0
DA:465,2
DA:475,2
DA:485,2
DA:486,0
DA:488,2
DA:489,2
DA:501,0
DA:507,0
DA:508,0
DA:510,0
DA:511,0
DA:515,0
DA:523,0
DA:524,0
DA:525,0
DA:526,0
DA:527,0
DA:528,0
DA:529,0
DA:531,0
DA:532,0
DA:533,0
DA:535,0
DA:541,0
DA:542,0
DA:545,1
LF:171
LH:112
BRDA:45,0,0,3
BRDA:45,0,1,0
BRDA:69,1,0,0
BRDA:69,1,1,2
BRDA:76,2,0,0
BRDA:76,2,1,0
BRDA:84,3,0,0
BRDA:84,3,1,0
BRDA:89,4,0,0
BRDA:89,4,1,0
BRDA:89,5,0,0
BRDA:89,5,1,0
BRDA:100,6,0,0
BRDA:100,6,1,2
BRDA:106,7,0,0
BRDA:106,7,1,2
BRDA:116,8,0,0
BRDA:116,8,1,2
BRDA:125,9,0,1
BRDA:125,9,1,12
BRDA:125,10,0,13
BRDA:125,10,1,13
BRDA:141,11,0,9
BRDA:141,11,1,0
BRDA:153,12,0,0
BRDA:153,12,1,9
BRDA:157,13,0,2
BRDA:157,13,1,7
BRDA:158,14,0,9
BRDA:158,14,1,9
BRDA:167,15,0,3
BRDA:167,15,1,4
BRDA:168,16,0,1
BRDA:168,16,1,2
BRDA:171,17,0,1
BRDA:171,17,1,1
BRDA:174,18,0,1
BRDA:174,18,1,0
BRDA:181,19,0,1
BRDA:181,19,1,3
BRDA:182,20,0,4
BRDA:182,20,1,2
BRDA:182,20,2,1
BRDA:182,20,3,1
BRDA:211,21,0,0
BRDA:211,21,1,3
BRDA:211,22,0,3
BRDA:211,22,1,3
BRDA:212,23,0,1
BRDA:212,23,1,2
BRDA:212,24,0,3
BRDA:212,24,1,3
BRDA:213,25,0,1
BRDA:213,25,1,2
BRDA:213,26,0,3
BRDA:213,26,1,3
BRDA:216,27,0,0
BRDA:216,27,1,3
BRDA:219,28,0,1
BRDA:219,28,1,2
BRDA:239,29,0,0
BRDA:239,29,1,0
BRDA:257,30,0,0
BRDA:257,30,1,2
BRDA:272,31,0,2
BRDA:272,31,1,0
BRDA:278,32,0,0
BRDA:278,32,1,0
BRDA:295,33,0,4
BRDA:298,34,0,0
BRDA:298,34,1,4
BRDA:315,35,0,0
BRDA:315,35,1,1
BRDA:325,36,0,0
BRDA:325,36,1,1
BRDA:327,37,0,0
BRDA:327,37,1,0
BRDA:362,38,0,2
BRDA:362,38,1,0
BRDA:383,39,0,0
BRDA:383,39,1,0
BRDA:396,40,0,0
BRDA:396,40,1,0
BRDA:416,41,0,0
BRDA:416,41,1,3
BRDA:441,42,0,0
BRDA:441,42,1,2
BRDA:441,43,0,2
BRDA:441,43,1,0
BRDA:450,44,0,0
BRDA:450,44,1,2
BRDA:459,45,0,0
BRDA:459,45,1,0
BRDA:460,46,0,0
BRDA:460,46,1,0
BRDA:485,47,0,0
BRDA:485,47,1,2
BRDA:507,48,0,0
BRDA:507,48,1,0
BRDA:510,49,0,0
BRDA:510,49,1,0
BRDA:522,50,0,0
BRDA:527,51,0,0
BRDA:527,51,1,0
BRDA:531,52,0,0
BRDA:531,52,1,0
BRDA:531,53,0,0
BRDA:531,53,1,0
BRDA:539,54,0,0
BRDA:539,54,1,0
BRF:110
BRH:54
end_of_record
TN:
SF:tests\helpers\fakeDb.js
FN:9,createFakeDb
FN:16,next
FN:21,reset
FN:29,clearPendingResponses
FN:34,(anonymous_4)
FN:56,(anonymous_5)
FN:63,(anonymous_6)
FN:64,(anonymous_7)
FN:67,(anonymous_8)
FN:78,(anonymous_9)
FN:81,(anonymous_10)
FN:82,(anonymous_11)
FN:83,(anonymous_12)
FN:84,(anonymous_13)
FN:85,(anonymous_14)
FNF:15
FNH:13
FNDA:6,createFakeDb
FNDA:76,next
FNDA:38,reset
FNDA:3,clearPendingResponses
FNDA:92,(anonymous_4)
FNDA:0,(anonymous_5)
FNDA:0,(anonymous_6)
FNDA:3,(anonymous_7)
FNDA:22,(anonymous_8)
FNDA:3,(anonymous_9)
FNDA:6,(anonymous_10)
FNDA:2,(anonymous_11)
FNDA:2,(anonymous_12)
FNDA:6,(anonymous_13)
FNDA:4,(anonymous_14)
DA:10,6
DA:11,6
DA:12,6
DA:13,6
DA:14,6
DA:17,76
DA:18,76
DA:22,38
DA:23,38
DA:24,38
DA:25,38
DA:26,38
DA:30,3
DA:33,6
DA:35,92
DA:36,92
DA:37,92
DA:41,92
DA:42,84
DA:43,76
DA:44,76
DA:45,76
DA:46,76
DA:47,75
DA:48,75
DA:49,75
DA:50,75
DA:52,7
DA:54,75
DA:59,6
DA:63,0
DA:65,3
DA:68,22
DA:69,22
DA:70,22
DA:71,10
DA:72,10
DA:74,12
DA:75,12
DA:79,3
DA:81,6
DA:82,2
DA:83,2
DA:84,6
DA:85,4
DA:87,6
DA:90,6
LF:47
LH:46
BRDA:36,0,0,0
BRDA:36,0,1,92
BRDA:37,1,0,0
BRDA:37,1,1,92
BRDA:41,2,0,8
BRDA:41,2,1,84
BRDA:42,3,0,8
BRDA:42,3,1,76
BRDA:43,4,0,0
BRDA:43,4,1,76
BRDA:44,5,0,0
BRDA:44,5,1,76
BRDA:46,6,0,1
BRDA:46,6,1,75
BRDA:47,7,0,75
BRDA:47,7,1,0
BRDA:50,8,0,7
BRDA:50,8,1,68
BRDA:52,9,0,0
BRDA:52,9,1,7
BRF:20
BRH:14
end_of_record
